#! /usr/bin/vvp
:ivl_version "11.0 (stable)";
:ivl_delay_selection "TYPICAL";
:vpi_time_precision + 0;
:vpi_module "/usr/lib/x86_64-linux-gnu/ivl/system.vpi";
:vpi_module "/usr/lib/x86_64-linux-gnu/ivl/vhdl_sys.vpi";
:vpi_module "/usr/lib/x86_64-linux-gnu/ivl/vhdl_textio.vpi";
:vpi_module "/usr/lib/x86_64-linux-gnu/ivl/v2005_math.vpi";
:vpi_module "/usr/lib/x86_64-linux-gnu/ivl/va_math.vpi";
:vpi_module "/usr/lib/x86_64-linux-gnu/ivl/v2009.vpi";
S_0x569eb5d42eb0 .scope package, "$unit" "$unit" 2 1;
 .timescale 0 0;
S_0x569eb5cff0d0 .scope module, "TPU" "TPU" 3 13;
 .timescale 0 0;
    .port_info 0 /INPUT 1 "clk";
    .port_info 1 /INPUT 1 "rst_n";
    .port_info 2 /INPUT 1 "in_valid";
    .port_info 3 /INPUT 8 "K";
    .port_info 4 /INPUT 8 "M";
    .port_info 5 /INPUT 8 "N";
    .port_info 6 /OUTPUT 1 "busy";
    .port_info 7 /OUTPUT 1 "A_wr_en";
    .port_info 8 /OUTPUT 16 "A_index";
    .port_info 9 /OUTPUT 32 "A_data_in";
    .port_info 10 /INPUT 32 "A_data_out";
    .port_info 11 /OUTPUT 1 "B_wr_en";
    .port_info 12 /OUTPUT 16 "B_index";
    .port_info 13 /OUTPUT 32 "B_data_in";
    .port_info 14 /INPUT 32 "B_data_out";
    .port_info 15 /OUTPUT 1 "C_wr_en";
    .port_info 16 /OUTPUT 16 "C_index";
    .port_info 17 /OUTPUT 128 "C_data_in";
    .port_info 18 /INPUT 128 "C_data_out";
P_0x569eb5d30940 .param/l "S_CLR" 1 3 63, C4<0011>;
P_0x569eb5d30980 .param/l "S_DONE" 1 3 67, C4<0111>;
P_0x569eb5d309c0 .param/l "S_FLUSH" 1 3 65, C4<0101>;
P_0x569eb5d30a00 .param/l "S_IDLE" 1 3 60, C4<0000>;
P_0x569eb5d30a40 .param/l "S_LD0" 1 3 62, C4<0010>;
P_0x569eb5d30a80 .param/l "S_RD0" 1 3 61, C4<0001>;
P_0x569eb5d30ac0 .param/l "S_RUN" 1 3 64, C4<0100>;
P_0x569eb5d30b00 .param/l "S_WR" 1 3 66, C4<0110>;
L_0x569eb5d0ce50 .functor BUFZ 16, v0x569eb5d6a9c0_0, C4<0000000000000000>, C4<0000000000000000>, C4<0000000000000000>;
L_0x569eb5d0b140 .functor BUFZ 16, v0x569eb5d6ab80_0, C4<0000000000000000>, C4<0000000000000000>, C4<0000000000000000>;
L_0x569eb5d09430 .functor BUFZ 1, v0x569eb5d6c270_0, C4<0>, C4<0>, C4<0>;
L_0x569eb5d07720 .functor BUFZ 16, v0x569eb5d6c190_0, C4<0000000000000000>, C4<0000000000000000>, C4<0000000000000000>;
L_0x569eb5d05a10 .functor BUFZ 128, v0x569eb5d6c0b0_0, C4<00000000000000000000000000000000000000000000000000000000000000000000000000000000000000000000000000000000000000000000000000000000>, C4<00000000000000000000000000000000000000000000000000000000000000000000000000000000000000000000000000000000000000000000000000000000>, C4<00000000000000000000000000000000000000000000000000000000000000000000000000000000000000000000000000000000000000000000000000000000>;
L_0x569eb5d03d00 .functor OR 1, L_0x569eb5d832e0, L_0x569eb5d833b0, C4<0>, C4<0>;
L_0x76f9e4bb70a8 .functor BUFT 1, C4<00000000000000000000000000000000>, C4<0>, C4<0>, C4<0>;
v0x569eb5d695f0_0 .net "A_data_in", 31 0, L_0x76f9e4bb70a8;  1 drivers
o0x76f9e4e59678 .functor BUFZ 32, C4<zzzzzzzzzzzzzzzzzzzzzzzzzzzzzzzz>; HiZ drive
v0x569eb5d696f0_0 .net "A_data_out", 31 0, o0x76f9e4e59678;  0 drivers
v0x569eb5d697d0_0 .net "A_index", 15 0, L_0x569eb5d0ce50;  1 drivers
L_0x76f9e4bb7018 .functor BUFT 1, C4<0>, C4<0>, C4<0>, C4<0>;
v0x569eb5d69890_0 .net "A_wr_en", 0 0, L_0x76f9e4bb7018;  1 drivers
L_0x76f9e4bb70f0 .functor BUFT 1, C4<00000000000000000000000000000000>, C4<0>, C4<0>, C4<0>;
v0x569eb5d69950_0 .net "B_data_in", 31 0, L_0x76f9e4bb70f0;  1 drivers
o0x76f9e4e59738 .functor BUFZ 32, C4<zzzzzzzzzzzzzzzzzzzzzzzzzzzzzzzz>; HiZ drive
v0x569eb5d69a80_0 .net "B_data_out", 31 0, o0x76f9e4e59738;  0 drivers
v0x569eb5d69b60_0 .net "B_index", 15 0, L_0x569eb5d0b140;  1 drivers
L_0x76f9e4bb7060 .functor BUFT 1, C4<0>, C4<0>, C4<0>, C4<0>;
v0x569eb5d69c40_0 .net "B_wr_en", 0 0, L_0x76f9e4bb7060;  1 drivers
v0x569eb5d69d00_0 .net "C_data_in", 127 0, L_0x569eb5d05a10;  1 drivers
o0x76f9e4e597f8 .functor BUFZ 128, C4<zzzzzzzzzzzzzzzzzzzzzzzzzzzzzzzzzzzzzzzzzzzzzzzzzzzzzzzzzzzzzzzzzzzzzzzzzzzzzzzzzzzzzzzzzzzzzzzzzzzzzzzzzzzzzzzzzzzzzzzzzzzzzzzz>; HiZ drive
v0x569eb5d69de0_0 .net "C_data_out", 127 0, o0x76f9e4e597f8;  0 drivers
v0x569eb5d69ec0_0 .net "C_index", 15 0, L_0x569eb5d07720;  1 drivers
v0x569eb5d69fa0_0 .net "C_wr_en", 0 0, L_0x569eb5d09430;  1 drivers
o0x76f9e4e59888 .functor BUFZ 8, C4<zzzzzzzz>; HiZ drive
v0x569eb5d6a060_0 .net "K", 7 0, o0x76f9e4e59888;  0 drivers
v0x569eb5d6a140_0 .var "K_tot", 7 0;
o0x76f9e4e598e8 .functor BUFZ 8, C4<zzzzzzzz>; HiZ drive
v0x569eb5d6a220_0 .net "M", 7 0, o0x76f9e4e598e8;  0 drivers
v0x569eb5d6a300_0 .var "M_tot", 7 0;
o0x76f9e4e59948 .functor BUFZ 8, C4<zzzzzzzz>; HiZ drive
v0x569eb5d6a3e0_0 .net "N", 7 0, o0x76f9e4e59948;  0 drivers
v0x569eb5d6a4c0_0 .var "N_tot", 7 0;
L_0x76f9e4bb7138 .functor BUFT 1, C4<0011>, C4<0>, C4<0>, C4<0>;
v0x569eb5d6a5a0_0 .net/2u *"_ivl_18", 3 0, L_0x76f9e4bb7138;  1 drivers
L_0x76f9e4bb7180 .functor BUFT 1, C4<0100>, C4<0>, C4<0>, C4<0>;
v0x569eb5d6a680_0 .net/2u *"_ivl_22", 3 0, L_0x76f9e4bb7180;  1 drivers
v0x569eb5d6a760_0 .net *"_ivl_24", 0 0, L_0x569eb5d832e0;  1 drivers
L_0x76f9e4bb71c8 .functor BUFT 1, C4<0101>, C4<0>, C4<0>, C4<0>;
v0x569eb5d6a820_0 .net/2u *"_ivl_26", 3 0, L_0x76f9e4bb71c8;  1 drivers
v0x569eb5d6a900_0 .net *"_ivl_28", 0 0, L_0x569eb5d833b0;  1 drivers
v0x569eb5d6a9c0_0 .var "a_idx_r", 15 0;
v0x569eb5d6aaa0_0 .var "a_word_cur", 31 0;
v0x569eb5d6ab80_0 .var "b_idx_r", 15 0;
v0x569eb5d6ac60_0 .var "b_word_cur", 31 0;
v0x569eb5d6ad40_0 .var "blkM", 7 0;
v0x569eb5d6ae20_0 .var "blkN", 7 0;
v0x569eb5d6af00_0 .var "busy", 0 0;
v0x569eb5d6afc0_0 .net "c00", 31 0, L_0x569eb5d87000;  1 drivers
v0x569eb5d6b0a0_0 .net "c01", 31 0, L_0x569eb5d870e0;  1 drivers
v0x569eb5d6b180_0 .net "c02", 31 0, L_0x569eb5d87210;  1 drivers
v0x569eb5d6b470_0 .net "c03", 31 0, L_0x569eb5d87300;  1 drivers
v0x569eb5d6b550_0 .net "c10", 31 0, L_0x569eb5d873a0;  1 drivers
v0x569eb5d6b630_0 .net "c11", 31 0, L_0x569eb5d874a0;  1 drivers
v0x569eb5d6b710_0 .net "c12", 31 0, L_0x569eb5d87540;  1 drivers
v0x569eb5d6b7f0_0 .net "c13", 31 0, L_0x569eb5d87650;  1 drivers
v0x569eb5d6b8d0_0 .net "c20", 31 0, L_0x569eb5d876f0;  1 drivers
v0x569eb5d6b9b0_0 .net "c21", 31 0, L_0x569eb5d87810;  1 drivers
v0x569eb5d6ba90_0 .net "c22", 31 0, L_0x569eb5d878b0;  1 drivers
v0x569eb5d6bb70_0 .net "c23", 31 0, L_0x569eb5d879e0;  1 drivers
v0x569eb5d6bc50_0 .net "c30", 31 0, L_0x569eb5d87a80;  1 drivers
v0x569eb5d6bd30_0 .net "c31", 31 0, L_0x569eb5d87bc0;  1 drivers
v0x569eb5d6be10_0 .net "c32", 31 0, L_0x569eb5d87c60;  1 drivers
v0x569eb5d6bef0_0 .net "c33", 31 0, L_0x569eb5d87b20;  1 drivers
v0x569eb5d6bfd0_0 .var "c_din_pack", 127 0;
v0x569eb5d6c0b0_0 .var "c_din_r", 127 0;
v0x569eb5d6c190_0 .var "c_idx_r", 15 0;
v0x569eb5d6c270_0 .var "c_wr_en_r", 0 0;
o0x76f9e4e56168 .functor BUFZ 1, C4<z>; HiZ drive
v0x569eb5d6c330_0 .net "clk", 0 0, o0x76f9e4e56168;  0 drivers
v0x569eb5d6c3d0_0 .var "flush_cnt", 2 0;
v0x569eb5d6c4b0_0 .var "flush_need", 2 0;
v0x569eb5d6c590_0 .var "ib", 7 0;
o0x76f9e4e5a038 .functor BUFZ 1, C4<z>; HiZ drive
v0x569eb5d6c670_0 .net "in_valid", 0 0, o0x76f9e4e5a038;  0 drivers
v0x569eb5d6c730_0 .var "jb", 7 0;
v0x569eb5d6c810_0 .var "k_cnt", 7 0;
v0x569eb5d6c8f0_0 .var "k_q", 7 0;
v0x569eb5d6c9d0_0 .var "m_q", 7 0;
v0x569eb5d6cab0_0 .var "n_q", 7 0;
v0x569eb5d6cb90_0 .var "row_cnt", 1 0;
o0x76f9e4e561f8 .functor BUFZ 1, C4<z>; HiZ drive
v0x569eb5d6cc70_0 .net "rst_n", 0 0, o0x76f9e4e561f8;  0 drivers
v0x569eb5d6cd10_0 .var "sa_a0", 7 0;
v0x569eb5d6cdf0_0 .var "sa_a1", 7 0;
v0x569eb5d6ced0_0 .var "sa_a2", 7 0;
v0x569eb5d6d3c0_0 .var "sa_a3", 7 0;
v0x569eb5d6d4a0_0 .net "sa_a_bus", 31 0, L_0x569eb5d83580;  1 drivers
v0x569eb5d6d560_0 .var "sa_b0", 7 0;
v0x569eb5d6d620_0 .var "sa_b1", 7 0;
v0x569eb5d6d700_0 .var "sa_b2", 7 0;
v0x569eb5d6d7e0_0 .var "sa_b3", 7 0;
v0x569eb5d6d8c0_0 .net "sa_b_bus", 31 0, L_0x569eb5d836a0;  1 drivers
v0x569eb5d6d9b0_0 .net "sa_c_bus", 511 0, L_0x569eb5d86980;  1 drivers
v0x569eb5d6da80_0 .net "sa_start", 0 0, L_0x569eb5d83240;  1 drivers
v0x569eb5d6db20_0 .net "sa_vld", 0 0, L_0x569eb5d03d00;  1 drivers
v0x569eb5d6dbc0_0 .var "state", 3 0;
v0x569eb5d6dc80_0 .var "state_nxt", 3 0;
E_0x569eb5c3c450/0 .event edge, v0x569eb5d6dbc0_0, v0x569eb5d6c670_0, v0x569eb5d6c810_0, v0x569eb5d6c8f0_0;
E_0x569eb5c3c450/1 .event edge, v0x569eb5d6c4b0_0, v0x569eb5d6c3d0_0, v0x569eb5d6cb90_0, v0x569eb5d6c9d0_0;
E_0x569eb5c3c450/2 .event edge, v0x569eb5d6c730_0, v0x569eb5d6ae20_0, v0x569eb5d6c590_0, v0x569eb5d6ad40_0;
E_0x569eb5c3c450 .event/or E_0x569eb5c3c450/0, E_0x569eb5c3c450/1, E_0x569eb5c3c450/2;
E_0x569eb5c74f20/0 .event edge, v0x569eb5d6cb90_0, v0x569eb5d6cab0_0, v0x569eb5d6afc0_0, v0x569eb5d6b0a0_0;
E_0x569eb5c74f20/1 .event edge, v0x569eb5d6b180_0, v0x569eb5d6b470_0, v0x569eb5d6b550_0, v0x569eb5d6b630_0;
E_0x569eb5c74f20/2 .event edge, v0x569eb5d6b710_0, v0x569eb5d6b7f0_0, v0x569eb5d6b8d0_0, v0x569eb5d6b9b0_0;
E_0x569eb5c74f20/3 .event edge, v0x569eb5d6ba90_0, v0x569eb5d6bb70_0, v0x569eb5d6bc50_0, v0x569eb5d6bd30_0;
E_0x569eb5c74f20/4 .event edge, v0x569eb5d6be10_0, v0x569eb5d6bef0_0;
E_0x569eb5c74f20 .event/or E_0x569eb5c74f20/0, E_0x569eb5c74f20/1, E_0x569eb5c74f20/2, E_0x569eb5c74f20/3, E_0x569eb5c74f20/4;
E_0x569eb5c60270/0 .event edge, v0x569eb5d6dbc0_0, v0x569eb5d6c9d0_0, v0x569eb5d6aaa0_0, v0x569eb5d6cab0_0;
E_0x569eb5c60270/1 .event edge, v0x569eb5d6ac60_0;
E_0x569eb5c60270 .event/or E_0x569eb5c60270/0, E_0x569eb5c60270/1;
L_0x569eb5d83240 .cmp/eq 4, v0x569eb5d6dbc0_0, L_0x76f9e4bb7138;
L_0x569eb5d832e0 .cmp/eq 4, v0x569eb5d6dbc0_0, L_0x76f9e4bb7180;
L_0x569eb5d833b0 .cmp/eq 4, v0x569eb5d6dbc0_0, L_0x76f9e4bb71c8;
L_0x569eb5d83580 .concat [ 8 8 8 8], v0x569eb5d6d3c0_0, v0x569eb5d6ced0_0, v0x569eb5d6cdf0_0, v0x569eb5d6cd10_0;
L_0x569eb5d836a0 .concat [ 8 8 8 8], v0x569eb5d6d7e0_0, v0x569eb5d6d700_0, v0x569eb5d6d620_0, v0x569eb5d6d560_0;
L_0x569eb5d87000 .part L_0x569eb5d86980, 0, 32;
L_0x569eb5d870e0 .part L_0x569eb5d86980, 32, 32;
L_0x569eb5d87210 .part L_0x569eb5d86980, 64, 32;
L_0x569eb5d87300 .part L_0x569eb5d86980, 96, 32;
L_0x569eb5d873a0 .part L_0x569eb5d86980, 128, 32;
L_0x569eb5d874a0 .part L_0x569eb5d86980, 160, 32;
L_0x569eb5d87540 .part L_0x569eb5d86980, 192, 32;
L_0x569eb5d87650 .part L_0x569eb5d86980, 224, 32;
L_0x569eb5d876f0 .part L_0x569eb5d86980, 256, 32;
L_0x569eb5d87810 .part L_0x569eb5d86980, 288, 32;
L_0x569eb5d878b0 .part L_0x569eb5d86980, 320, 32;
L_0x569eb5d879e0 .part L_0x569eb5d86980, 352, 32;
L_0x569eb5d87a80 .part L_0x569eb5d86980, 384, 32;
L_0x569eb5d87bc0 .part L_0x569eb5d86980, 416, 32;
L_0x569eb5d87c60 .part L_0x569eb5d86980, 448, 32;
L_0x569eb5d87b20 .part L_0x569eb5d86980, 480, 32;
S_0x569eb5cfb020 .scope module, "SA4" "systolic_array_4x4" 3 122, 4 67 0, S_0x569eb5cff0d0;
 .timescale 0 0;
    .port_info 0 /INPUT 1 "clk";
    .port_info 1 /INPUT 1 "rst_n";
    .port_info 2 /INPUT 1 "start";
    .port_info 3 /INPUT 1 "vld";
    .port_info 4 /INPUT 32 "a_bus";
    .port_info 5 /INPUT 32 "b_bus";
    .port_info 6 /OUTPUT 512 "c_bus";
v0x569eb5d63300_0 .var "a1_d0", 7 0;
v0x569eb5d63400_0 .var "a2_d1", 7 0;
v0x569eb5d634e0_0 .var "a2_d2", 7 0;
v0x569eb5d635d0_0 .var "a3_d1", 7 0;
v0x569eb5d636b0_0 .var "a3_d2", 7 0;
v0x569eb5d63790_0 .var "a3_d3", 7 0;
v0x569eb5d63870_0 .net "a_bus", 31 0, L_0x569eb5d83580;  alias, 1 drivers
v0x569eb5d63950_0 .net "a_r0_t0", 7 0, L_0x569eb5d83850;  1 drivers
v0x569eb5d63a10_0 .net "a_r0_t1", 7 0, v0x569eb5d05c40_0;  1 drivers
v0x569eb5d63b40_0 .net "a_r0_t2", 7 0, v0x569eb5d56550_0;  1 drivers
v0x569eb5d63c50_0 .net "a_r0_t3", 7 0, v0x569eb5d57150_0;  1 drivers
v0x569eb5d63d60_0 .net "a_r0_t4", 7 0, v0x569eb5d57f00_0;  1 drivers
v0x569eb5d63e20_0 .net "a_r1_t0", 7 0, v0x569eb5d63300_0;  1 drivers
v0x569eb5d63ec0_0 .net "a_r1_t1", 7 0, v0x569eb5d58d70_0;  1 drivers
v0x569eb5d63fb0_0 .net "a_r1_t2", 7 0, v0x569eb5d59d40_0;  1 drivers
v0x569eb5d640c0_0 .net "a_r1_t3", 7 0, v0x569eb5d5aa60_0;  1 drivers
v0x569eb5d641d0_0 .net "a_r1_t4", 7 0, v0x569eb5d5b830_0;  1 drivers
v0x569eb5d643a0_0 .net "a_r2_t0", 7 0, v0x569eb5d634e0_0;  1 drivers
v0x569eb5d64440_0 .net "a_r2_t1", 7 0, v0x569eb5d5c680_0;  1 drivers
v0x569eb5d64530_0 .net "a_r2_t2", 7 0, v0x569eb5d5d760_0;  1 drivers
v0x569eb5d64640_0 .net "a_r2_t3", 7 0, v0x569eb5d5e4f0_0;  1 drivers
v0x569eb5d64750_0 .net "a_r2_t4", 7 0, v0x569eb5d5f280_0;  1 drivers
v0x569eb5d64810_0 .net "a_r3_t0", 7 0, v0x569eb5d63790_0;  1 drivers
v0x569eb5d648b0_0 .net "a_r3_t1", 7 0, v0x569eb5d60000_0;  1 drivers
v0x569eb5d649a0_0 .net "a_r3_t2", 7 0, v0x569eb5d60e40_0;  1 drivers
v0x569eb5d64ab0_0 .net "a_r3_t3", 7 0, v0x569eb5d61c60_0;  1 drivers
v0x569eb5d64bc0_0 .net "a_r3_t4", 7 0, v0x569eb5d62a80_0;  1 drivers
v0x569eb5d64c80_0 .var "b1_d0", 7 0;
v0x569eb5d64d40_0 .var "b2_d1", 7 0;
v0x569eb5d64e20_0 .var "b2_d2", 7 0;
v0x569eb5d64f00_0 .var "b3_d1", 7 0;
v0x569eb5d64fe0_0 .var "b3_d2", 7 0;
v0x569eb5d650c0_0 .var "b3_d3", 7 0;
v0x569eb5d653b0_0 .net "b_bus", 31 0, L_0x569eb5d836a0;  alias, 1 drivers
v0x569eb5d65490_0 .net "b_t0_c0", 7 0, L_0x569eb5d83b10;  1 drivers
v0x569eb5d65550_0 .net "b_t0_c1", 7 0, v0x569eb5d64c80_0;  1 drivers
v0x569eb5d655f0_0 .net "b_t0_c2", 7 0, v0x569eb5d64e20_0;  1 drivers
v0x569eb5d65690_0 .net "b_t0_c3", 7 0, v0x569eb5d650c0_0;  1 drivers
v0x569eb5d65730_0 .net "b_t1_c0", 7 0, v0x569eb5ca3580_0;  1 drivers
v0x569eb5d65820_0 .net "b_t1_c1", 7 0, v0x569eb5d56820_0;  1 drivers
v0x569eb5d65930_0 .net "b_t1_c2", 7 0, v0x569eb5d57420_0;  1 drivers
v0x569eb5d65a40_0 .net "b_t1_c3", 7 0, v0x569eb5d581d0_0;  1 drivers
v0x569eb5d65b50_0 .net "b_t2_c0", 7 0, v0x569eb5d59040_0;  1 drivers
v0x569eb5d65c60_0 .net "b_t2_c1", 7 0, v0x569eb5d59fa0_0;  1 drivers
v0x569eb5d65d70_0 .net "b_t2_c2", 7 0, v0x569eb5d5acc0_0;  1 drivers
v0x569eb5d65e80_0 .net "b_t2_c3", 7 0, v0x569eb5d5bae0_0;  1 drivers
v0x569eb5d65f90_0 .net "b_t3_c0", 7 0, v0x569eb5d5c950_0;  1 drivers
v0x569eb5d660a0_0 .net "b_t3_c1", 7 0, v0x569eb5d5da10_0;  1 drivers
v0x569eb5d661b0_0 .net "b_t3_c2", 7 0, v0x569eb5d5e7a0_0;  1 drivers
v0x569eb5d662c0_0 .net "b_t3_c3", 7 0, v0x569eb5d5f530_0;  1 drivers
v0x569eb5d663d0_0 .net "b_t4_c0", 7 0, v0x569eb5d602d0_0;  1 drivers
v0x569eb5d66490_0 .net "b_t4_c1", 7 0, v0x569eb5d610f0_0;  1 drivers
v0x569eb5d66530_0 .net "b_t4_c2", 7 0, v0x569eb5d61f10_0;  1 drivers
v0x569eb5d665d0_0 .net "b_t4_c3", 7 0, v0x569eb5d62d30_0;  1 drivers
v0x569eb5d66670_0 .net "c00", 31 0, v0x569eb5d03e60_0;  1 drivers
v0x569eb5d66710_0 .net "c01", 31 0, v0x569eb5d56610_0;  1 drivers
v0x569eb5d667b0_0 .net "c02", 31 0, v0x569eb5d57210_0;  1 drivers
v0x569eb5d66850_0 .net "c03", 31 0, v0x569eb5d57fc0_0;  1 drivers
v0x569eb5d668f0_0 .net "c10", 31 0, v0x569eb5d58e50_0;  1 drivers
v0x569eb5d66990_0 .net "c11", 31 0, v0x569eb5d59e00_0;  1 drivers
v0x569eb5d66a30_0 .net "c12", 31 0, v0x569eb5d5ab20_0;  1 drivers
v0x569eb5d66ad0_0 .net "c13", 31 0, v0x569eb5d5b8f0_0;  1 drivers
v0x569eb5d66b70_0 .net "c20", 31 0, v0x569eb5d5c760_0;  1 drivers
v0x569eb5d66c10_0 .net "c21", 31 0, v0x569eb5d5d820_0;  1 drivers
v0x569eb5d66ce0_0 .net "c22", 31 0, v0x569eb5d5e5b0_0;  1 drivers
v0x569eb5d671c0_0 .net "c23", 31 0, v0x569eb5d5f340_0;  1 drivers
v0x569eb5d67290_0 .net "c30", 31 0, v0x569eb5d600e0_0;  1 drivers
v0x569eb5d67360_0 .net "c31", 31 0, v0x569eb5d60f00_0;  1 drivers
v0x569eb5d67430_0 .net "c32", 31 0, v0x569eb5d61d20_0;  1 drivers
v0x569eb5d67500_0 .net "c33", 31 0, v0x569eb5d62b40_0;  1 drivers
v0x569eb5d675d0_0 .net "c_bus", 511 0, L_0x569eb5d86980;  alias, 1 drivers
v0x569eb5d67690_0 .net "clk", 0 0, o0x76f9e4e56168;  alias, 0 drivers
v0x569eb5d67730_0 .net "rst_n", 0 0, o0x76f9e4e561f8;  alias, 0 drivers
v0x569eb5d679e0_0 .net "start", 0 0, L_0x569eb5d83240;  alias, 1 drivers
v0x569eb5d67c90_0 .net "vld", 0 0, L_0x569eb5d03d00;  alias, 1 drivers
L_0x569eb5d83850 .part L_0x569eb5d83580, 24, 8;
L_0x569eb5d83b10 .part L_0x569eb5d836a0, 24, 8;
LS_0x569eb5d86980_0_0 .concat [ 32 32 32 32], v0x569eb5d03e60_0, v0x569eb5d56610_0, v0x569eb5d57210_0, v0x569eb5d57fc0_0;
LS_0x569eb5d86980_0_4 .concat [ 32 32 32 32], v0x569eb5d58e50_0, v0x569eb5d59e00_0, v0x569eb5d5ab20_0, v0x569eb5d5b8f0_0;
LS_0x569eb5d86980_0_8 .concat [ 32 32 32 32], v0x569eb5d5c760_0, v0x569eb5d5d820_0, v0x569eb5d5e5b0_0, v0x569eb5d5f340_0;
LS_0x569eb5d86980_0_12 .concat [ 32 32 32 32], v0x569eb5d600e0_0, v0x569eb5d60f00_0, v0x569eb5d61d20_0, v0x569eb5d62b40_0;
L_0x569eb5d86980 .concat [ 128 128 128 128], LS_0x569eb5d86980_0_0, LS_0x569eb5d86980_0_4, LS_0x569eb5d86980_0_8, LS_0x569eb5d86980_0_12;
S_0x569eb5cfb400 .scope module, "pe00" "PE" 4 178, 5 1 0, S_0x569eb5cfb020;
 .timescale 0 0;
    .port_info 0 /INPUT 1 "clk";
    .port_info 1 /INPUT 1 "rst_n";
    .port_info 2 /INPUT 1 "clr_acc";
    .port_info 3 /INPUT 1 "vld";
    .port_info 4 /INPUT 8 "a_in";
    .port_info 5 /INPUT 8 "b_in";
    .port_info 6 /OUTPUT 8 "a_out";
    .port_info 7 /OUTPUT 8 "b_out";
    .port_info 8 /OUTPUT 32 "acc";
v0x569eb5d09590_0 .net/s *"_ivl_0", 15 0, L_0x569eb5d83eb0;  1 drivers
v0x569eb5d07950_0 .net/s *"_ivl_2", 15 0, L_0x569eb5d83f50;  1 drivers
v0x569eb5d05b70_0 .net "a_in", 7 0, L_0x569eb5d83850;  alias, 1 drivers
v0x569eb5d05c40_0 .var "a_out", 7 0;
v0x569eb5d03e60_0 .var/s "acc", 31 0;
v0x569eb5d03f30_0 .net "b_in", 7 0, L_0x569eb5d83b10;  alias, 1 drivers
v0x569eb5ca3580_0 .var "b_out", 7 0;
v0x569eb5d55c50_0 .net "clk", 0 0, o0x76f9e4e56168;  alias, 0 drivers
v0x569eb5d55d10_0 .net "clr_acc", 0 0, L_0x569eb5d83240;  alias, 1 drivers
v0x569eb5d55dd0_0 .net/s "prod", 15 0, L_0x569eb5d83ff0;  1 drivers
v0x569eb5d55eb0_0 .net "rst_n", 0 0, o0x76f9e4e561f8;  alias, 0 drivers
v0x569eb5d55f70_0 .net "vld", 0 0, L_0x569eb5d03d00;  alias, 1 drivers
E_0x569eb5d435f0/0 .event negedge, v0x569eb5d55eb0_0;
E_0x569eb5d435f0/1 .event posedge, v0x569eb5d55c50_0;
E_0x569eb5d435f0 .event/or E_0x569eb5d435f0/0, E_0x569eb5d435f0/1;
L_0x569eb5d83eb0 .extend/s 16, L_0x569eb5d83850;
L_0x569eb5d83f50 .extend/s 16, L_0x569eb5d83b10;
L_0x569eb5d83ff0 .arith/mult 16, L_0x569eb5d83eb0, L_0x569eb5d83f50;
S_0x569eb5cfb7e0 .scope module, "pe01" "PE" 4 180, 5 1 0, S_0x569eb5cfb020;
 .timescale 0 0;
    .port_info 0 /INPUT 1 "clk";
    .port_info 1 /INPUT 1 "rst_n";
    .port_info 2 /INPUT 1 "clr_acc";
    .port_info 3 /INPUT 1 "vld";
    .port_info 4 /INPUT 8 "a_in";
    .port_info 5 /INPUT 8 "b_in";
    .port_info 6 /OUTPUT 8 "a_out";
    .port_info 7 /OUTPUT 8 "b_out";
    .port_info 8 /OUTPUT 32 "acc";
v0x569eb5d562f0_0 .net/s *"_ivl_0", 15 0, L_0x569eb5d84130;  1 drivers
v0x569eb5d563d0_0 .net/s *"_ivl_2", 15 0, L_0x569eb5d841d0;  1 drivers
v0x569eb5d564b0_0 .net "a_in", 7 0, v0x569eb5d05c40_0;  alias, 1 drivers
v0x569eb5d56550_0 .var "a_out", 7 0;
v0x569eb5d56610_0 .var/s "acc", 31 0;
v0x569eb5d56740_0 .net "b_in", 7 0, v0x569eb5d64c80_0;  alias, 1 drivers
v0x569eb5d56820_0 .var "b_out", 7 0;
v0x569eb5d56900_0 .net "clk", 0 0, o0x76f9e4e56168;  alias, 0 drivers
v0x569eb5d569a0_0 .net "clr_acc", 0 0, L_0x569eb5d83240;  alias, 1 drivers
v0x569eb5d56ad0_0 .net/s "prod", 15 0, L_0x569eb5d84270;  1 drivers
v0x569eb5d56b70_0 .net "rst_n", 0 0, o0x76f9e4e561f8;  alias, 0 drivers
v0x569eb5d56c10_0 .net "vld", 0 0, L_0x569eb5d03d00;  alias, 1 drivers
L_0x569eb5d84130 .extend/s 16, v0x569eb5d05c40_0;
L_0x569eb5d841d0 .extend/s 16, v0x569eb5d64c80_0;
L_0x569eb5d84270 .arith/mult 16, L_0x569eb5d84130, L_0x569eb5d841d0;
S_0x569eb5cfbbc0 .scope module, "pe02" "PE" 4 182, 5 1 0, S_0x569eb5cfb020;
 .timescale 0 0;
    .port_info 0 /INPUT 1 "clk";
    .port_info 1 /INPUT 1 "rst_n";
    .port_info 2 /INPUT 1 "clr_acc";
    .port_info 3 /INPUT 1 "vld";
    .port_info 4 /INPUT 8 "a_in";
    .port_info 5 /INPUT 8 "b_in";
    .port_info 6 /OUTPUT 8 "a_out";
    .port_info 7 /OUTPUT 8 "b_out";
    .port_info 8 /OUTPUT 32 "acc";
v0x569eb5d56ec0_0 .net/s *"_ivl_0", 15 0, L_0x569eb5d843e0;  1 drivers
v0x569eb5d56fa0_0 .net/s *"_ivl_2", 15 0, L_0x569eb5d84480;  1 drivers
v0x569eb5d57080_0 .net "a_in", 7 0, v0x569eb5d56550_0;  alias, 1 drivers
v0x569eb5d57150_0 .var "a_out", 7 0;
v0x569eb5d57210_0 .var/s "acc", 31 0;
v0x569eb5d57340_0 .net "b_in", 7 0, v0x569eb5d64e20_0;  alias, 1 drivers
v0x569eb5d57420_0 .var "b_out", 7 0;
v0x569eb5d57500_0 .net "clk", 0 0, o0x76f9e4e56168;  alias, 0 drivers
v0x569eb5d575f0_0 .net "clr_acc", 0 0, L_0x569eb5d83240;  alias, 1 drivers
v0x569eb5d57720_0 .net/s "prod", 15 0, L_0x569eb5d84520;  1 drivers
v0x569eb5d57800_0 .net "rst_n", 0 0, o0x76f9e4e561f8;  alias, 0 drivers
v0x569eb5d578f0_0 .net "vld", 0 0, L_0x569eb5d03d00;  alias, 1 drivers
L_0x569eb5d843e0 .extend/s 16, v0x569eb5d56550_0;
L_0x569eb5d84480 .extend/s 16, v0x569eb5d64e20_0;
L_0x569eb5d84520 .arith/mult 16, L_0x569eb5d843e0, L_0x569eb5d84480;
S_0x569eb5d42b30 .scope module, "pe03" "PE" 4 184, 5 1 0, S_0x569eb5cfb020;
 .timescale 0 0;
    .port_info 0 /INPUT 1 "clk";
    .port_info 1 /INPUT 1 "rst_n";
    .port_info 2 /INPUT 1 "clr_acc";
    .port_info 3 /INPUT 1 "vld";
    .port_info 4 /INPUT 8 "a_in";
    .port_info 5 /INPUT 8 "b_in";
    .port_info 6 /OUTPUT 8 "a_out";
    .port_info 7 /OUTPUT 8 "b_out";
    .port_info 8 /OUTPUT 32 "acc";
v0x569eb5d57c80_0 .net/s *"_ivl_0", 15 0, L_0x569eb5d84690;  1 drivers
v0x569eb5d57d80_0 .net/s *"_ivl_2", 15 0, L_0x569eb5d84730;  1 drivers
v0x569eb5d57e60_0 .net "a_in", 7 0, v0x569eb5d57150_0;  alias, 1 drivers
v0x569eb5d57f00_0 .var "a_out", 7 0;
v0x569eb5d57fc0_0 .var/s "acc", 31 0;
v0x569eb5d580f0_0 .net "b_in", 7 0, v0x569eb5d650c0_0;  alias, 1 drivers
v0x569eb5d581d0_0 .var "b_out", 7 0;
v0x569eb5d582b0_0 .net "clk", 0 0, o0x76f9e4e56168;  alias, 0 drivers
v0x569eb5d58350_0 .net "clr_acc", 0 0, L_0x569eb5d83240;  alias, 1 drivers
v0x569eb5d58480_0 .net/s "prod", 15 0, L_0x569eb5d847d0;  1 drivers
v0x569eb5d58560_0 .net "rst_n", 0 0, o0x76f9e4e561f8;  alias, 0 drivers
v0x569eb5d58600_0 .net "vld", 0 0, L_0x569eb5d03d00;  alias, 1 drivers
L_0x569eb5d84690 .extend/s 16, v0x569eb5d57150_0;
L_0x569eb5d84730 .extend/s 16, v0x569eb5d650c0_0;
L_0x569eb5d847d0 .arith/mult 16, L_0x569eb5d84690, L_0x569eb5d84730;
S_0x569eb5d587c0 .scope module, "pe10" "PE" 4 188, 5 1 0, S_0x569eb5cfb020;
 .timescale 0 0;
    .port_info 0 /INPUT 1 "clk";
    .port_info 1 /INPUT 1 "rst_n";
    .port_info 2 /INPUT 1 "clr_acc";
    .port_info 3 /INPUT 1 "vld";
    .port_info 4 /INPUT 8 "a_in";
    .port_info 5 /INPUT 8 "b_in";
    .port_info 6 /OUTPUT 8 "a_out";
    .port_info 7 /OUTPUT 8 "b_out";
    .port_info 8 /OUTPUT 32 "acc";
v0x569eb5d58ad0_0 .net/s *"_ivl_0", 15 0, L_0x569eb5d84940;  1 drivers
v0x569eb5d58bd0_0 .net/s *"_ivl_2", 15 0, L_0x569eb5d849e0;  1 drivers
v0x569eb5d58cb0_0 .net "a_in", 7 0, v0x569eb5d63300_0;  alias, 1 drivers
v0x569eb5d58d70_0 .var "a_out", 7 0;
v0x569eb5d58e50_0 .var/s "acc", 31 0;
v0x569eb5d58f80_0 .net "b_in", 7 0, v0x569eb5ca3580_0;  alias, 1 drivers
v0x569eb5d59040_0 .var "b_out", 7 0;
v0x569eb5d59100_0 .net "clk", 0 0, o0x76f9e4e56168;  alias, 0 drivers
v0x569eb5d59230_0 .net "clr_acc", 0 0, L_0x569eb5d83240;  alias, 1 drivers
v0x569eb5d593f0_0 .net/s "prod", 15 0, L_0x569eb5d84a80;  1 drivers
v0x569eb5d594d0_0 .net "rst_n", 0 0, o0x76f9e4e561f8;  alias, 0 drivers
v0x569eb5d59600_0 .net "vld", 0 0, L_0x569eb5d03d00;  alias, 1 drivers
L_0x569eb5d84940 .extend/s 16, v0x569eb5d63300_0;
L_0x569eb5d849e0 .extend/s 16, v0x569eb5ca3580_0;
L_0x569eb5d84a80 .arith/mult 16, L_0x569eb5d84940, L_0x569eb5d849e0;
S_0x569eb5d59850 .scope module, "pe11" "PE" 4 190, 5 1 0, S_0x569eb5cfb020;
 .timescale 0 0;
    .port_info 0 /INPUT 1 "clk";
    .port_info 1 /INPUT 1 "rst_n";
    .port_info 2 /INPUT 1 "clr_acc";
    .port_info 3 /INPUT 1 "vld";
    .port_info 4 /INPUT 8 "a_in";
    .port_info 5 /INPUT 8 "b_in";
    .port_info 6 /OUTPUT 8 "a_out";
    .port_info 7 /OUTPUT 8 "b_out";
    .port_info 8 /OUTPUT 32 "acc";
v0x569eb5d59ac0_0 .net/s *"_ivl_0", 15 0, L_0x569eb5d84bf0;  1 drivers
v0x569eb5d59bc0_0 .net/s *"_ivl_2", 15 0, L_0x569eb5d84c90;  1 drivers
v0x569eb5d59ca0_0 .net "a_in", 7 0, v0x569eb5d58d70_0;  alias, 1 drivers
v0x569eb5d59d40_0 .var "a_out", 7 0;
v0x569eb5d59e00_0 .var/s "acc", 31 0;
v0x569eb5d59ee0_0 .net "b_in", 7 0, v0x569eb5d56820_0;  alias, 1 drivers
v0x569eb5d59fa0_0 .var "b_out", 7 0;
v0x569eb5d5a060_0 .net "clk", 0 0, o0x76f9e4e56168;  alias, 0 drivers
v0x569eb5d5a100_0 .net "clr_acc", 0 0, L_0x569eb5d83240;  alias, 1 drivers
v0x569eb5d5a230_0 .net/s "prod", 15 0, L_0x569eb5d84d30;  1 drivers
v0x569eb5d5a310_0 .net "rst_n", 0 0, o0x76f9e4e561f8;  alias, 0 drivers
v0x569eb5d5a3b0_0 .net "vld", 0 0, L_0x569eb5d03d00;  alias, 1 drivers
L_0x569eb5d84bf0 .extend/s 16, v0x569eb5d58d70_0;
L_0x569eb5d84c90 .extend/s 16, v0x569eb5d56820_0;
L_0x569eb5d84d30 .arith/mult 16, L_0x569eb5d84bf0, L_0x569eb5d84c90;
S_0x569eb5d5a570 .scope module, "pe12" "PE" 4 192, 5 1 0, S_0x569eb5cfb020;
 .timescale 0 0;
    .port_info 0 /INPUT 1 "clk";
    .port_info 1 /INPUT 1 "rst_n";
    .port_info 2 /INPUT 1 "clr_acc";
    .port_info 3 /INPUT 1 "vld";
    .port_info 4 /INPUT 8 "a_in";
    .port_info 5 /INPUT 8 "b_in";
    .port_info 6 /OUTPUT 8 "a_out";
    .port_info 7 /OUTPUT 8 "b_out";
    .port_info 8 /OUTPUT 32 "acc";
v0x569eb5d5a7e0_0 .net/s *"_ivl_0", 15 0, L_0x569eb5d84ea0;  1 drivers
v0x569eb5d5a8e0_0 .net/s *"_ivl_2", 15 0, L_0x569eb5d84f40;  1 drivers
v0x569eb5d5a9c0_0 .net "a_in", 7 0, v0x569eb5d59d40_0;  alias, 1 drivers
v0x569eb5d5aa60_0 .var "a_out", 7 0;
v0x569eb5d5ab20_0 .var/s "acc", 31 0;
v0x569eb5d5ac00_0 .net "b_in", 7 0, v0x569eb5d57420_0;  alias, 1 drivers
v0x569eb5d5acc0_0 .var "b_out", 7 0;
v0x569eb5d5ad80_0 .net "clk", 0 0, o0x76f9e4e56168;  alias, 0 drivers
v0x569eb5d5ae20_0 .net "clr_acc", 0 0, L_0x569eb5d83240;  alias, 1 drivers
v0x569eb5d5af50_0 .net/s "prod", 15 0, L_0x569eb5d84fe0;  1 drivers
v0x569eb5d5b030_0 .net "rst_n", 0 0, o0x76f9e4e561f8;  alias, 0 drivers
v0x569eb5d5b0d0_0 .net "vld", 0 0, L_0x569eb5d03d00;  alias, 1 drivers
L_0x569eb5d84ea0 .extend/s 16, v0x569eb5d59d40_0;
L_0x569eb5d84f40 .extend/s 16, v0x569eb5d57420_0;
L_0x569eb5d84fe0 .arith/mult 16, L_0x569eb5d84ea0, L_0x569eb5d84f40;
S_0x569eb5d5b290 .scope module, "pe13" "PE" 4 194, 5 1 0, S_0x569eb5cfb020;
 .timescale 0 0;
    .port_info 0 /INPUT 1 "clk";
    .port_info 1 /INPUT 1 "rst_n";
    .port_info 2 /INPUT 1 "clr_acc";
    .port_info 3 /INPUT 1 "vld";
    .port_info 4 /INPUT 8 "a_in";
    .port_info 5 /INPUT 8 "b_in";
    .port_info 6 /OUTPUT 8 "a_out";
    .port_info 7 /OUTPUT 8 "b_out";
    .port_info 8 /OUTPUT 32 "acc";
v0x569eb5d5b550_0 .net/s *"_ivl_0", 15 0, L_0x569eb5d85150;  1 drivers
v0x569eb5d5b650_0 .net/s *"_ivl_2", 15 0, L_0x569eb5d851f0;  1 drivers
v0x569eb5d5b730_0 .net "a_in", 7 0, v0x569eb5d5aa60_0;  alias, 1 drivers
v0x569eb5d5b830_0 .var "a_out", 7 0;
v0x569eb5d5b8f0_0 .var/s "acc", 31 0;
v0x569eb5d5ba20_0 .net "b_in", 7 0, v0x569eb5d581d0_0;  alias, 1 drivers
v0x569eb5d5bae0_0 .var "b_out", 7 0;
v0x569eb5d5bba0_0 .net "clk", 0 0, o0x76f9e4e56168;  alias, 0 drivers
v0x569eb5d5bc40_0 .net "clr_acc", 0 0, L_0x569eb5d83240;  alias, 1 drivers
v0x569eb5d5bd70_0 .net/s "prod", 15 0, L_0x569eb5d85290;  1 drivers
v0x569eb5d5be50_0 .net "rst_n", 0 0, o0x76f9e4e561f8;  alias, 0 drivers
v0x569eb5d5bef0_0 .net "vld", 0 0, L_0x569eb5d03d00;  alias, 1 drivers
L_0x569eb5d85150 .extend/s 16, v0x569eb5d5aa60_0;
L_0x569eb5d851f0 .extend/s 16, v0x569eb5d581d0_0;
L_0x569eb5d85290 .arith/mult 16, L_0x569eb5d85150, L_0x569eb5d851f0;
S_0x569eb5d5c0b0 .scope module, "pe20" "PE" 4 198, 5 1 0, S_0x569eb5cfb020;
 .timescale 0 0;
    .port_info 0 /INPUT 1 "clk";
    .port_info 1 /INPUT 1 "rst_n";
    .port_info 2 /INPUT 1 "clr_acc";
    .port_info 3 /INPUT 1 "vld";
    .port_info 4 /INPUT 8 "a_in";
    .port_info 5 /INPUT 8 "b_in";
    .port_info 6 /OUTPUT 8 "a_out";
    .port_info 7 /OUTPUT 8 "b_out";
    .port_info 8 /OUTPUT 32 "acc";
v0x569eb5d5c3b0_0 .net/s *"_ivl_0", 15 0, L_0x569eb5d85400;  1 drivers
v0x569eb5d5c4b0_0 .net/s *"_ivl_2", 15 0, L_0x569eb5d854a0;  1 drivers
v0x569eb5d5c590_0 .net "a_in", 7 0, v0x569eb5d634e0_0;  alias, 1 drivers
v0x569eb5d5c680_0 .var "a_out", 7 0;
v0x569eb5d5c760_0 .var/s "acc", 31 0;
v0x569eb5d5c890_0 .net "b_in", 7 0, v0x569eb5d59040_0;  alias, 1 drivers
v0x569eb5d5c950_0 .var "b_out", 7 0;
v0x569eb5d5ca10_0 .net "clk", 0 0, o0x76f9e4e56168;  alias, 0 drivers
v0x569eb5d5cab0_0 .net "clr_acc", 0 0, L_0x569eb5d83240;  alias, 1 drivers
v0x569eb5d5cc60_0 .net/s "prod", 15 0, L_0x569eb5d85540;  1 drivers
v0x569eb5d5cd40_0 .net "rst_n", 0 0, o0x76f9e4e561f8;  alias, 0 drivers
v0x569eb5d5cef0_0 .net "vld", 0 0, L_0x569eb5d03d00;  alias, 1 drivers
L_0x569eb5d85400 .extend/s 16, v0x569eb5d634e0_0;
L_0x569eb5d854a0 .extend/s 16, v0x569eb5d59040_0;
L_0x569eb5d85540 .arith/mult 16, L_0x569eb5d85400, L_0x569eb5d854a0;
S_0x569eb5d5d1c0 .scope module, "pe21" "PE" 4 200, 5 1 0, S_0x569eb5cfb020;
 .timescale 0 0;
    .port_info 0 /INPUT 1 "clk";
    .port_info 1 /INPUT 1 "rst_n";
    .port_info 2 /INPUT 1 "clr_acc";
    .port_info 3 /INPUT 1 "vld";
    .port_info 4 /INPUT 8 "a_in";
    .port_info 5 /INPUT 8 "b_in";
    .port_info 6 /OUTPUT 8 "a_out";
    .port_info 7 /OUTPUT 8 "b_out";
    .port_info 8 /OUTPUT 32 "acc";
v0x569eb5d5d480_0 .net/s *"_ivl_0", 15 0, L_0x569eb5d856b0;  1 drivers
v0x569eb5d5d580_0 .net/s *"_ivl_2", 15 0, L_0x569eb5d85750;  1 drivers
v0x569eb5d5d660_0 .net "a_in", 7 0, v0x569eb5d5c680_0;  alias, 1 drivers
v0x569eb5d5d760_0 .var "a_out", 7 0;
v0x569eb5d5d820_0 .var/s "acc", 31 0;
v0x569eb5d5d950_0 .net "b_in", 7 0, v0x569eb5d59fa0_0;  alias, 1 drivers
v0x569eb5d5da10_0 .var "b_out", 7 0;
v0x569eb5d5dad0_0 .net "clk", 0 0, o0x76f9e4e56168;  alias, 0 drivers
v0x569eb5d5db70_0 .net "clr_acc", 0 0, L_0x569eb5d83240;  alias, 1 drivers
v0x569eb5d5dc10_0 .net/s "prod", 15 0, L_0x569eb5d857f0;  1 drivers
v0x569eb5d5dcf0_0 .net "rst_n", 0 0, o0x76f9e4e561f8;  alias, 0 drivers
v0x569eb5d5dd90_0 .net "vld", 0 0, L_0x569eb5d03d00;  alias, 1 drivers
L_0x569eb5d856b0 .extend/s 16, v0x569eb5d5c680_0;
L_0x569eb5d85750 .extend/s 16, v0x569eb5d59fa0_0;
L_0x569eb5d857f0 .arith/mult 16, L_0x569eb5d856b0, L_0x569eb5d85750;
S_0x569eb5d5df50 .scope module, "pe22" "PE" 4 202, 5 1 0, S_0x569eb5cfb020;
 .timescale 0 0;
    .port_info 0 /INPUT 1 "clk";
    .port_info 1 /INPUT 1 "rst_n";
    .port_info 2 /INPUT 1 "clr_acc";
    .port_info 3 /INPUT 1 "vld";
    .port_info 4 /INPUT 8 "a_in";
    .port_info 5 /INPUT 8 "b_in";
    .port_info 6 /OUTPUT 8 "a_out";
    .port_info 7 /OUTPUT 8 "b_out";
    .port_info 8 /OUTPUT 32 "acc";
v0x569eb5d5e210_0 .net/s *"_ivl_0", 15 0, L_0x569eb5d85960;  1 drivers
v0x569eb5d5e310_0 .net/s *"_ivl_2", 15 0, L_0x569eb5d85a00;  1 drivers
v0x569eb5d5e3f0_0 .net "a_in", 7 0, v0x569eb5d5d760_0;  alias, 1 drivers
v0x569eb5d5e4f0_0 .var "a_out", 7 0;
v0x569eb5d5e5b0_0 .var/s "acc", 31 0;
v0x569eb5d5e6e0_0 .net "b_in", 7 0, v0x569eb5d5acc0_0;  alias, 1 drivers
v0x569eb5d5e7a0_0 .var "b_out", 7 0;
v0x569eb5d5e860_0 .net "clk", 0 0, o0x76f9e4e56168;  alias, 0 drivers
v0x569eb5d5e900_0 .net "clr_acc", 0 0, L_0x569eb5d83240;  alias, 1 drivers
v0x569eb5d5e9a0_0 .net/s "prod", 15 0, L_0x569eb5d85aa0;  1 drivers
v0x569eb5d5ea80_0 .net "rst_n", 0 0, o0x76f9e4e561f8;  alias, 0 drivers
v0x569eb5d5eb20_0 .net "vld", 0 0, L_0x569eb5d03d00;  alias, 1 drivers
L_0x569eb5d85960 .extend/s 16, v0x569eb5d5d760_0;
L_0x569eb5d85a00 .extend/s 16, v0x569eb5d5acc0_0;
L_0x569eb5d85aa0 .arith/mult 16, L_0x569eb5d85960, L_0x569eb5d85a00;
S_0x569eb5d5ece0 .scope module, "pe23" "PE" 4 204, 5 1 0, S_0x569eb5cfb020;
 .timescale 0 0;
    .port_info 0 /INPUT 1 "clk";
    .port_info 1 /INPUT 1 "rst_n";
    .port_info 2 /INPUT 1 "clr_acc";
    .port_info 3 /INPUT 1 "vld";
    .port_info 4 /INPUT 8 "a_in";
    .port_info 5 /INPUT 8 "b_in";
    .port_info 6 /OUTPUT 8 "a_out";
    .port_info 7 /OUTPUT 8 "b_out";
    .port_info 8 /OUTPUT 32 "acc";
v0x569eb5d5efa0_0 .net/s *"_ivl_0", 15 0, L_0x569eb5d85c10;  1 drivers
v0x569eb5d5f0a0_0 .net/s *"_ivl_2", 15 0, L_0x569eb5d85cb0;  1 drivers
v0x569eb5d5f180_0 .net "a_in", 7 0, v0x569eb5d5e4f0_0;  alias, 1 drivers
v0x569eb5d5f280_0 .var "a_out", 7 0;
v0x569eb5d5f340_0 .var/s "acc", 31 0;
v0x569eb5d5f470_0 .net "b_in", 7 0, v0x569eb5d5bae0_0;  alias, 1 drivers
v0x569eb5d5f530_0 .var "b_out", 7 0;
v0x569eb5d5f5f0_0 .net "clk", 0 0, o0x76f9e4e56168;  alias, 0 drivers
v0x569eb5d5f690_0 .net "clr_acc", 0 0, L_0x569eb5d83240;  alias, 1 drivers
v0x569eb5d5f730_0 .net/s "prod", 15 0, L_0x569eb5d85d50;  1 drivers
v0x569eb5d5f810_0 .net "rst_n", 0 0, o0x76f9e4e561f8;  alias, 0 drivers
v0x569eb5d5f8b0_0 .net "vld", 0 0, L_0x569eb5d03d00;  alias, 1 drivers
L_0x569eb5d85c10 .extend/s 16, v0x569eb5d5e4f0_0;
L_0x569eb5d85cb0 .extend/s 16, v0x569eb5d5bae0_0;
L_0x569eb5d85d50 .arith/mult 16, L_0x569eb5d85c10, L_0x569eb5d85cb0;
S_0x569eb5d5fa70 .scope module, "pe30" "PE" 4 208, 5 1 0, S_0x569eb5cfb020;
 .timescale 0 0;
    .port_info 0 /INPUT 1 "clk";
    .port_info 1 /INPUT 1 "rst_n";
    .port_info 2 /INPUT 1 "clr_acc";
    .port_info 3 /INPUT 1 "vld";
    .port_info 4 /INPUT 8 "a_in";
    .port_info 5 /INPUT 8 "b_in";
    .port_info 6 /OUTPUT 8 "a_out";
    .port_info 7 /OUTPUT 8 "b_out";
    .port_info 8 /OUTPUT 32 "acc";
v0x569eb5d5fd30_0 .net/s *"_ivl_0", 15 0, L_0x569eb5d85ec0;  1 drivers
v0x569eb5d5fe30_0 .net/s *"_ivl_2", 15 0, L_0x569eb5d85f60;  1 drivers
v0x569eb5d5ff10_0 .net "a_in", 7 0, v0x569eb5d63790_0;  alias, 1 drivers
v0x569eb5d60000_0 .var "a_out", 7 0;
v0x569eb5d600e0_0 .var/s "acc", 31 0;
v0x569eb5d60210_0 .net "b_in", 7 0, v0x569eb5d5c950_0;  alias, 1 drivers
v0x569eb5d602d0_0 .var "b_out", 7 0;
v0x569eb5d60390_0 .net "clk", 0 0, o0x76f9e4e56168;  alias, 0 drivers
v0x569eb5d60430_0 .net "clr_acc", 0 0, L_0x569eb5d83240;  alias, 1 drivers
v0x569eb5d60560_0 .net/s "prod", 15 0, L_0x569eb5d86000;  1 drivers
v0x569eb5d60640_0 .net "rst_n", 0 0, o0x76f9e4e561f8;  alias, 0 drivers
v0x569eb5d606e0_0 .net "vld", 0 0, L_0x569eb5d03d00;  alias, 1 drivers
L_0x569eb5d85ec0 .extend/s 16, v0x569eb5d63790_0;
L_0x569eb5d85f60 .extend/s 16, v0x569eb5d5c950_0;
L_0x569eb5d86000 .arith/mult 16, L_0x569eb5d85ec0, L_0x569eb5d85f60;
S_0x569eb5d608a0 .scope module, "pe31" "PE" 4 210, 5 1 0, S_0x569eb5cfb020;
 .timescale 0 0;
    .port_info 0 /INPUT 1 "clk";
    .port_info 1 /INPUT 1 "rst_n";
    .port_info 2 /INPUT 1 "clr_acc";
    .port_info 3 /INPUT 1 "vld";
    .port_info 4 /INPUT 8 "a_in";
    .port_info 5 /INPUT 8 "b_in";
    .port_info 6 /OUTPUT 8 "a_out";
    .port_info 7 /OUTPUT 8 "b_out";
    .port_info 8 /OUTPUT 32 "acc";
v0x569eb5d60b60_0 .net/s *"_ivl_0", 15 0, L_0x569eb5d86170;  1 drivers
v0x569eb5d60c60_0 .net/s *"_ivl_2", 15 0, L_0x569eb5d86210;  1 drivers
v0x569eb5d60d40_0 .net "a_in", 7 0, v0x569eb5d60000_0;  alias, 1 drivers
v0x569eb5d60e40_0 .var "a_out", 7 0;
v0x569eb5d60f00_0 .var/s "acc", 31 0;
v0x569eb5d61030_0 .net "b_in", 7 0, v0x569eb5d5da10_0;  alias, 1 drivers
v0x569eb5d610f0_0 .var "b_out", 7 0;
v0x569eb5d611b0_0 .net "clk", 0 0, o0x76f9e4e56168;  alias, 0 drivers
v0x569eb5d61250_0 .net "clr_acc", 0 0, L_0x569eb5d83240;  alias, 1 drivers
v0x569eb5d61380_0 .net/s "prod", 15 0, L_0x569eb5d862b0;  1 drivers
v0x569eb5d61460_0 .net "rst_n", 0 0, o0x76f9e4e561f8;  alias, 0 drivers
v0x569eb5d61500_0 .net "vld", 0 0, L_0x569eb5d03d00;  alias, 1 drivers
L_0x569eb5d86170 .extend/s 16, v0x569eb5d60000_0;
L_0x569eb5d86210 .extend/s 16, v0x569eb5d5da10_0;
L_0x569eb5d862b0 .arith/mult 16, L_0x569eb5d86170, L_0x569eb5d86210;
S_0x569eb5d616c0 .scope module, "pe32" "PE" 4 212, 5 1 0, S_0x569eb5cfb020;
 .timescale 0 0;
    .port_info 0 /INPUT 1 "clk";
    .port_info 1 /INPUT 1 "rst_n";
    .port_info 2 /INPUT 1 "clr_acc";
    .port_info 3 /INPUT 1 "vld";
    .port_info 4 /INPUT 8 "a_in";
    .port_info 5 /INPUT 8 "b_in";
    .port_info 6 /OUTPUT 8 "a_out";
    .port_info 7 /OUTPUT 8 "b_out";
    .port_info 8 /OUTPUT 32 "acc";
v0x569eb5d61980_0 .net/s *"_ivl_0", 15 0, L_0x569eb5d86420;  1 drivers
v0x569eb5d61a80_0 .net/s *"_ivl_2", 15 0, L_0x569eb5d864c0;  1 drivers
v0x569eb5d61b60_0 .net "a_in", 7 0, v0x569eb5d60e40_0;  alias, 1 drivers
v0x569eb5d61c60_0 .var "a_out", 7 0;
v0x569eb5d61d20_0 .var/s "acc", 31 0;
v0x569eb5d61e50_0 .net "b_in", 7 0, v0x569eb5d5e7a0_0;  alias, 1 drivers
v0x569eb5d61f10_0 .var "b_out", 7 0;
v0x569eb5d61fd0_0 .net "clk", 0 0, o0x76f9e4e56168;  alias, 0 drivers
v0x569eb5d62070_0 .net "clr_acc", 0 0, L_0x569eb5d83240;  alias, 1 drivers
v0x569eb5d621a0_0 .net/s "prod", 15 0, L_0x569eb5d86560;  1 drivers
v0x569eb5d62280_0 .net "rst_n", 0 0, o0x76f9e4e561f8;  alias, 0 drivers
v0x569eb5d62320_0 .net "vld", 0 0, L_0x569eb5d03d00;  alias, 1 drivers
L_0x569eb5d86420 .extend/s 16, v0x569eb5d60e40_0;
L_0x569eb5d864c0 .extend/s 16, v0x569eb5d5e7a0_0;
L_0x569eb5d86560 .arith/mult 16, L_0x569eb5d86420, L_0x569eb5d864c0;
S_0x569eb5d624e0 .scope module, "pe33" "PE" 4 214, 5 1 0, S_0x569eb5cfb020;
 .timescale 0 0;
    .port_info 0 /INPUT 1 "clk";
    .port_info 1 /INPUT 1 "rst_n";
    .port_info 2 /INPUT 1 "clr_acc";
    .port_info 3 /INPUT 1 "vld";
    .port_info 4 /INPUT 8 "a_in";
    .port_info 5 /INPUT 8 "b_in";
    .port_info 6 /OUTPUT 8 "a_out";
    .port_info 7 /OUTPUT 8 "b_out";
    .port_info 8 /OUTPUT 32 "acc";
v0x569eb5d627a0_0 .net/s *"_ivl_0", 15 0, L_0x569eb5d866d0;  1 drivers
v0x569eb5d628a0_0 .net/s *"_ivl_2", 15 0, L_0x569eb5d86770;  1 drivers
v0x569eb5d62980_0 .net "a_in", 7 0, v0x569eb5d61c60_0;  alias, 1 drivers
v0x569eb5d62a80_0 .var "a_out", 7 0;
v0x569eb5d62b40_0 .var/s "acc", 31 0;
v0x569eb5d62c70_0 .net "b_in", 7 0, v0x569eb5d5f530_0;  alias, 1 drivers
v0x569eb5d62d30_0 .var "b_out", 7 0;
v0x569eb5d62df0_0 .net "clk", 0 0, o0x76f9e4e56168;  alias, 0 drivers
v0x569eb5d62e90_0 .net "clr_acc", 0 0, L_0x569eb5d83240;  alias, 1 drivers
v0x569eb5d62fc0_0 .net/s "prod", 15 0, L_0x569eb5d86810;  1 drivers
v0x569eb5d630a0_0 .net "rst_n", 0 0, o0x76f9e4e561f8;  alias, 0 drivers
v0x569eb5d63140_0 .net "vld", 0 0, L_0x569eb5d03d00;  alias, 1 drivers
L_0x569eb5d866d0 .extend/s 16, v0x569eb5d61c60_0;
L_0x569eb5d86770 .extend/s 16, v0x569eb5d5f530_0;
L_0x569eb5d86810 .arith/mult 16, L_0x569eb5d866d0, L_0x569eb5d86770;
S_0x569eb5d68020 .scope begin, "_ab_base" "_ab_base" 3 344, 3 344 0, S_0x569eb5cff0d0;
 .timescale 0 0;
v0x569eb5d68220_0 .var "a_blk_base", 15 0;
v0x569eb5d68300_0 .var "b_blk_base", 15 0;
S_0x569eb5d683e0 .scope begin, "_cidx" "_cidx" 3 417, 3 417 0, S_0x569eb5cff0d0;
 .timescale 0 0;
v0x569eb5d685f0_0 .var "col_blk_base", 15 0;
v0x569eb5d686d0_0 .var "ib4", 15 0;
v0x569eb5d687b0_0 .var "row_for_idx", 1 0;
v0x569eb5d688a0_0 .var "row_glb", 15 0;
S_0x569eb5d68980 .scope begin, "_tile_sizes" "_tile_sizes" 3 324, 3 324 0, S_0x569eb5cff0d0;
 .timescale 0 0;
v0x569eb5d68b60_0 .var "M9", 8 0;
v0x569eb5d68c60_0 .var "N9", 8 0;
v0x569eb5d68d40_0 .var "remM", 8 0;
v0x569eb5d68e30_0 .var "remN", 8 0;
v0x569eb5d68f10_0 .var "start_col", 8 0;
v0x569eb5d69040_0 .var "start_row", 8 0;
S_0x569eb5d69120 .scope function.vec4.s8, "pick8" "pick8" 3 87, 3 87 0, S_0x569eb5cff0d0;
 .timescale 0 0;
v0x569eb5d69350_0 .var "idx", 1 0;
; Variable pick8 is vec4 return value of scope S_0x569eb5d69120
v0x569eb5d69530_0 .var "w", 31 0;
TD_TPU.pick8 ;
    %load/vec4 v0x569eb5d69350_0;
    %dup/vec4;
    %pushi/vec4 0, 0, 2;
    %cmp/u;
    %jmp/1 T_0.0, 6;
    %dup/vec4;
    %pushi/vec4 1, 0, 2;
    %cmp/u;
    %jmp/1 T_0.1, 6;
    %dup/vec4;
    %pushi/vec4 2, 0, 2;
    %cmp/u;
    %jmp/1 T_0.2, 6;
    %load/vec4 v0x569eb5d69530_0;
    %parti/s 8, 0, 2;
    %ret/vec4 0, 0, 8;  Assign to pick8 (store_vec4_to_lval)
    %jmp T_0.4;
T_0.0 ;
    %load/vec4 v0x569eb5d69530_0;
    %parti/s 8, 24, 6;
    %ret/vec4 0, 0, 8;  Assign to pick8 (store_vec4_to_lval)
    %jmp T_0.4;
T_0.1 ;
    %load/vec4 v0x569eb5d69530_0;
    %parti/s 8, 16, 6;
    %ret/vec4 0, 0, 8;  Assign to pick8 (store_vec4_to_lval)
    %jmp T_0.4;
T_0.2 ;
    %load/vec4 v0x569eb5d69530_0;
    %parti/s 8, 8, 5;
    %ret/vec4 0, 0, 8;  Assign to pick8 (store_vec4_to_lval)
    %jmp T_0.4;
T_0.4 ;
    %pop/vec4 1;
    %end;
S_0x569eb5cff420 .scope module, "systolic_array_2x2" "systolic_array_2x2" 4 1;
 .timescale 0 0;
    .port_info 0 /INPUT 1 "clk";
    .port_info 1 /INPUT 1 "rst_n";
    .port_info 2 /INPUT 1 "start";
    .port_info 3 /INPUT 1 "vld";
    .port_info 4 /INPUT 8 "a0_in";
    .port_info 5 /INPUT 8 "a1_in";
    .port_info 6 /INPUT 8 "b0_in";
    .port_info 7 /INPUT 8 "b1_in";
    .port_info 8 /OUTPUT 32 "c00";
    .port_info 9 /OUTPUT 32 "c01";
    .port_info 10 /OUTPUT 32 "c10";
    .port_info 11 /OUTPUT 32 "c11";
L_0x569eb5d875e0 .functor BUFZ 32, v0x569eb5d6e690_0, C4<00000000000000000000000000000000>, C4<00000000000000000000000000000000>, C4<00000000000000000000000000000000>;
L_0x569eb5d888a0 .functor BUFZ 32, v0x569eb5d6f4b0_0, C4<00000000000000000000000000000000>, C4<00000000000000000000000000000000>, C4<00000000000000000000000000000000>;
L_0x569eb5d88960 .functor BUFZ 32, v0x569eb5d70340_0, C4<00000000000000000000000000000000>, C4<00000000000000000000000000000000>, C4<00000000000000000000000000000000>;
L_0x569eb5d88a20 .functor BUFZ 32, v0x569eb5d71240_0, C4<00000000000000000000000000000000>, C4<00000000000000000000000000000000>, C4<00000000000000000000000000000000>;
v0x569eb5d71a00_0 .net "a00_to_01", 7 0, v0x569eb5d6e5b0_0;  1 drivers
o0x76f9e4e5a758 .functor BUFZ 8, C4<zzzzzzzz>; HiZ drive
v0x569eb5d71ae0_0 .net "a0_in", 7 0, o0x76f9e4e5a758;  0 drivers
v0x569eb5d71ba0_0 .net "a10_to_11", 7 0, v0x569eb5d70260_0;  1 drivers
o0x76f9e4e5b3b8 .functor BUFZ 8, C4<zzzzzzzz>; HiZ drive
v0x569eb5d71c90_0 .net "a1_in", 7 0, o0x76f9e4e5b3b8;  0 drivers
v0x569eb5d71d50_0 .var "a1_reg", 7 0;
v0x569eb5d71e60_0 .net "acc00", 31 0, v0x569eb5d6e690_0;  1 drivers
v0x569eb5d71f00_0 .net "acc01", 31 0, v0x569eb5d6f4b0_0;  1 drivers
v0x569eb5d71fa0_0 .net "acc10", 31 0, v0x569eb5d70340_0;  1 drivers
v0x569eb5d72070_0 .net "acc11", 31 0, v0x569eb5d71240_0;  1 drivers
v0x569eb5d721d0_0 .net "b00_to_10", 7 0, v0x569eb5d6e8a0_0;  1 drivers
v0x569eb5d72270_0 .net "b01_to_11", 7 0, v0x569eb5d6f6c0_0;  1 drivers
o0x76f9e4e5a7e8 .functor BUFZ 8, C4<zzzzzzzz>; HiZ drive
v0x569eb5d72380_0 .net "b0_in", 7 0, o0x76f9e4e5a7e8;  0 drivers
o0x76f9e4e5b3e8 .functor BUFZ 8, C4<zzzzzzzz>; HiZ drive
v0x569eb5d72440_0 .net "b1_in", 7 0, o0x76f9e4e5b3e8;  0 drivers
v0x569eb5d72500_0 .var "b1_reg", 7 0;
v0x569eb5d725c0_0 .net "c00", 31 0, L_0x569eb5d875e0;  1 drivers
v0x569eb5d72680_0 .net "c01", 31 0, L_0x569eb5d888a0;  1 drivers
v0x569eb5d72760_0 .net "c10", 31 0, L_0x569eb5d88960;  1 drivers
v0x569eb5d72840_0 .net "c11", 31 0, L_0x569eb5d88a20;  1 drivers
o0x76f9e4e5a848 .functor BUFZ 1, C4<z>; HiZ drive
v0x569eb5d72920_0 .net "clk", 0 0, o0x76f9e4e5a848;  0 drivers
o0x76f9e4e5a8d8 .functor BUFZ 1, C4<z>; HiZ drive
v0x569eb5d729c0_0 .net "rst_n", 0 0, o0x76f9e4e5a8d8;  0 drivers
o0x76f9e4e5a878 .functor BUFZ 1, C4<z>; HiZ drive
v0x569eb5d72af0_0 .net "start", 0 0, o0x76f9e4e5a878;  0 drivers
o0x76f9e4e5a908 .functor BUFZ 1, C4<z>; HiZ drive
v0x569eb5d72c20_0 .net "vld", 0 0, o0x76f9e4e5a908;  0 drivers
S_0x569eb5d6e060 .scope module, "pe00" "PE" 4 41, 5 1 0, S_0x569eb5cff420;
 .timescale 0 0;
    .port_info 0 /INPUT 1 "clk";
    .port_info 1 /INPUT 1 "rst_n";
    .port_info 2 /INPUT 1 "clr_acc";
    .port_info 3 /INPUT 1 "vld";
    .port_info 4 /INPUT 8 "a_in";
    .port_info 5 /INPUT 8 "b_in";
    .port_info 6 /OUTPUT 8 "a_out";
    .port_info 7 /OUTPUT 8 "b_out";
    .port_info 8 /OUTPUT 32 "acc";
v0x569eb5d07880_0 .net/s *"_ivl_0", 15 0, L_0x569eb5d87db0;  1 drivers
v0x569eb5d6e3e0_0 .net/s *"_ivl_2", 15 0, L_0x569eb5d87e50;  1 drivers
v0x569eb5d6e4c0_0 .net "a_in", 7 0, o0x76f9e4e5a758;  alias, 0 drivers
v0x569eb5d6e5b0_0 .var "a_out", 7 0;
v0x569eb5d6e690_0 .var/s "acc", 31 0;
v0x569eb5d6e7c0_0 .net "b_in", 7 0, o0x76f9e4e5a7e8;  alias, 0 drivers
v0x569eb5d6e8a0_0 .var "b_out", 7 0;
v0x569eb5d6e980_0 .net "clk", 0 0, o0x76f9e4e5a848;  alias, 0 drivers
v0x569eb5d6ea40_0 .net "clr_acc", 0 0, o0x76f9e4e5a878;  alias, 0 drivers
v0x569eb5d6eb00_0 .net/s "prod", 15 0, L_0x569eb5d87ef0;  1 drivers
v0x569eb5d6ebe0_0 .net "rst_n", 0 0, o0x76f9e4e5a8d8;  alias, 0 drivers
v0x569eb5d6eca0_0 .net "vld", 0 0, o0x76f9e4e5a908;  alias, 0 drivers
E_0x569eb5d43430/0 .event negedge, v0x569eb5d6ebe0_0;
E_0x569eb5d43430/1 .event posedge, v0x569eb5d6e980_0;
E_0x569eb5d43430 .event/or E_0x569eb5d43430/0, E_0x569eb5d43430/1;
L_0x569eb5d87db0 .extend/s 16, o0x76f9e4e5a758;
L_0x569eb5d87e50 .extend/s 16, o0x76f9e4e5a7e8;
L_0x569eb5d87ef0 .arith/mult 16, L_0x569eb5d87db0, L_0x569eb5d87e50;
S_0x569eb5d6ee80 .scope module, "pe01" "PE" 4 45, 5 1 0, S_0x569eb5cff420;
 .timescale 0 0;
    .port_info 0 /INPUT 1 "clk";
    .port_info 1 /INPUT 1 "rst_n";
    .port_info 2 /INPUT 1 "clr_acc";
    .port_info 3 /INPUT 1 "vld";
    .port_info 4 /INPUT 8 "a_in";
    .port_info 5 /INPUT 8 "b_in";
    .port_info 6 /OUTPUT 8 "a_out";
    .port_info 7 /OUTPUT 8 "b_out";
    .port_info 8 /OUTPUT 32 "acc";
v0x569eb5d6f160_0 .net/s *"_ivl_0", 15 0, L_0x569eb5d88030;  1 drivers
v0x569eb5d6f240_0 .net/s *"_ivl_2", 15 0, L_0x569eb5d880d0;  1 drivers
v0x569eb5d6f320_0 .net "a_in", 7 0, v0x569eb5d6e5b0_0;  alias, 1 drivers
v0x569eb5d6f3f0_0 .var "a_out", 7 0;
v0x569eb5d6f4b0_0 .var/s "acc", 31 0;
v0x569eb5d6f5e0_0 .net "b_in", 7 0, v0x569eb5d72500_0;  1 drivers
v0x569eb5d6f6c0_0 .var "b_out", 7 0;
v0x569eb5d6f7a0_0 .net "clk", 0 0, o0x76f9e4e5a848;  alias, 0 drivers
v0x569eb5d6f840_0 .net "clr_acc", 0 0, o0x76f9e4e5a878;  alias, 0 drivers
v0x569eb5d6f9a0_0 .net/s "prod", 15 0, L_0x569eb5d881c0;  1 drivers
v0x569eb5d6fa40_0 .net "rst_n", 0 0, o0x76f9e4e5a8d8;  alias, 0 drivers
v0x569eb5d6fb10_0 .net "vld", 0 0, o0x76f9e4e5a908;  alias, 0 drivers
L_0x569eb5d88030 .extend/s 16, v0x569eb5d6e5b0_0;
L_0x569eb5d880d0 .extend/s 16, v0x569eb5d72500_0;
L_0x569eb5d881c0 .arith/mult 16, L_0x569eb5d88030, L_0x569eb5d880d0;
S_0x569eb5d6fcc0 .scope module, "pe10" "PE" 4 49, 5 1 0, S_0x569eb5cff420;
 .timescale 0 0;
    .port_info 0 /INPUT 1 "clk";
    .port_info 1 /INPUT 1 "rst_n";
    .port_info 2 /INPUT 1 "clr_acc";
    .port_info 3 /INPUT 1 "vld";
    .port_info 4 /INPUT 8 "a_in";
    .port_info 5 /INPUT 8 "b_in";
    .port_info 6 /OUTPUT 8 "a_out";
    .port_info 7 /OUTPUT 8 "b_out";
    .port_info 8 /OUTPUT 32 "acc";
v0x569eb5d6ffb0_0 .net/s *"_ivl_0", 15 0, L_0x569eb5d88300;  1 drivers
v0x569eb5d70090_0 .net/s *"_ivl_2", 15 0, L_0x569eb5d883f0;  1 drivers
v0x569eb5d70170_0 .net "a_in", 7 0, v0x569eb5d71d50_0;  1 drivers
v0x569eb5d70260_0 .var "a_out", 7 0;
v0x569eb5d70340_0 .var/s "acc", 31 0;
v0x569eb5d70470_0 .net "b_in", 7 0, v0x569eb5d6e8a0_0;  alias, 1 drivers
v0x569eb5d70530_0 .var "b_out", 7 0;
v0x569eb5d705f0_0 .net "clk", 0 0, o0x76f9e4e5a848;  alias, 0 drivers
v0x569eb5d706e0_0 .net "clr_acc", 0 0, o0x76f9e4e5a878;  alias, 0 drivers
v0x569eb5d70810_0 .net/s "prod", 15 0, L_0x569eb5d88490;  1 drivers
v0x569eb5d708f0_0 .net "rst_n", 0 0, o0x76f9e4e5a8d8;  alias, 0 drivers
v0x569eb5d709e0_0 .net "vld", 0 0, o0x76f9e4e5a908;  alias, 0 drivers
L_0x569eb5d88300 .extend/s 16, v0x569eb5d71d50_0;
L_0x569eb5d883f0 .extend/s 16, v0x569eb5d6e8a0_0;
L_0x569eb5d88490 .arith/mult 16, L_0x569eb5d88300, L_0x569eb5d883f0;
S_0x569eb5d70c40 .scope module, "pe11" "PE" 4 53, 5 1 0, S_0x569eb5cff420;
 .timescale 0 0;
    .port_info 0 /INPUT 1 "clk";
    .port_info 1 /INPUT 1 "rst_n";
    .port_info 2 /INPUT 1 "clr_acc";
    .port_info 3 /INPUT 1 "vld";
    .port_info 4 /INPUT 8 "a_in";
    .port_info 5 /INPUT 8 "b_in";
    .port_info 6 /OUTPUT 8 "a_out";
    .port_info 7 /OUTPUT 8 "b_out";
    .port_info 8 /OUTPUT 32 "acc";
v0x569eb5d70f00_0 .net/s *"_ivl_0", 15 0, L_0x569eb5d885d0;  1 drivers
v0x569eb5d71000_0 .net/s *"_ivl_2", 15 0, L_0x569eb5d88670;  1 drivers
v0x569eb5d710e0_0 .net "a_in", 7 0, v0x569eb5d70260_0;  alias, 1 drivers
v0x569eb5d71180_0 .var "a_out", 7 0;
v0x569eb5d71240_0 .var/s "acc", 31 0;
v0x569eb5d71370_0 .net "b_in", 7 0, v0x569eb5d6f6c0_0;  alias, 1 drivers
v0x569eb5d71430_0 .var "b_out", 7 0;
v0x569eb5d714f0_0 .net "clk", 0 0, o0x76f9e4e5a848;  alias, 0 drivers
v0x569eb5d71590_0 .net "clr_acc", 0 0, o0x76f9e4e5a878;  alias, 0 drivers
v0x569eb5d716c0_0 .net/s "prod", 15 0, L_0x569eb5d88710;  1 drivers
v0x569eb5d717a0_0 .net "rst_n", 0 0, o0x76f9e4e5a8d8;  alias, 0 drivers
v0x569eb5d71840_0 .net "vld", 0 0, o0x76f9e4e5a908;  alias, 0 drivers
L_0x569eb5d885d0 .extend/s 16, v0x569eb5d70260_0;
L_0x569eb5d88670 .extend/s 16, v0x569eb5d6f6c0_0;
L_0x569eb5d88710 .arith/mult 16, L_0x569eb5d885d0, L_0x569eb5d88670;
    .scope S_0x569eb5cfb400;
T_1 ;
    %wait E_0x569eb5d435f0;
    %load/vec4 v0x569eb5d55eb0_0;
    %nor/r;
    %flag_set/vec4 8;
    %jmp/0xz  T_1.0, 8;
    %pushi/vec4 0, 0, 8;
    %assign/vec4 v0x569eb5d05c40_0, 0;
    %pushi/vec4 0, 0, 8;
    %assign/vec4 v0x569eb5ca3580_0, 0;
    %pushi/vec4 0, 0, 32;
    %assign/vec4 v0x569eb5d03e60_0, 0;
    %jmp T_1.1;
T_1.0 ;
    %load/vec4 v0x569eb5d05b70_0;
    %assign/vec4 v0x569eb5d05c40_0, 0;
    %load/vec4 v0x569eb5d03f30_0;
    %assign/vec4 v0x569eb5ca3580_0, 0;
    %load/vec4 v0x569eb5d55d10_0;
    %flag_set/vec4 8;
    %jmp/0xz  T_1.2, 8;
    %pushi/vec4 0, 0, 32;
    %assign/vec4 v0x569eb5d03e60_0, 0;
    %jmp T_1.3;
T_1.2 ;
    %load/vec4 v0x569eb5d55f70_0;
    %flag_set/vec4 8;
    %jmp/0xz  T_1.4, 8;
    %load/vec4 v0x569eb5d03e60_0;
    %load/vec4 v0x569eb5d55dd0_0;
    %pad/s 32;
    %add;
    %assign/vec4 v0x569eb5d03e60_0, 0;
T_1.4 ;
T_1.3 ;
T_1.1 ;
    %jmp T_1;
    .thread T_1;
    .scope S_0x569eb5cfb7e0;
T_2 ;
    %wait E_0x569eb5d435f0;
    %load/vec4 v0x569eb5d56b70_0;
    %nor/r;
    %flag_set/vec4 8;
    %jmp/0xz  T_2.0, 8;
    %pushi/vec4 0, 0, 8;
    %assign/vec4 v0x569eb5d56550_0, 0;
    %pushi/vec4 0, 0, 8;
    %assign/vec4 v0x569eb5d56820_0, 0;
    %pushi/vec4 0, 0, 32;
    %assign/vec4 v0x569eb5d56610_0, 0;
    %jmp T_2.1;
T_2.0 ;
    %load/vec4 v0x569eb5d564b0_0;
    %assign/vec4 v0x569eb5d56550_0, 0;
    %load/vec4 v0x569eb5d56740_0;
    %assign/vec4 v0x569eb5d56820_0, 0;
    %load/vec4 v0x569eb5d569a0_0;
    %flag_set/vec4 8;
    %jmp/0xz  T_2.2, 8;
    %pushi/vec4 0, 0, 32;
    %assign/vec4 v0x569eb5d56610_0, 0;
    %jmp T_2.3;
T_2.2 ;
    %load/vec4 v0x569eb5d56c10_0;
    %flag_set/vec4 8;
    %jmp/0xz  T_2.4, 8;
    %load/vec4 v0x569eb5d56610_0;
    %load/vec4 v0x569eb5d56ad0_0;
    %pad/s 32;
    %add;
    %assign/vec4 v0x569eb5d56610_0, 0;
T_2.4 ;
T_2.3 ;
T_2.1 ;
    %jmp T_2;
    .thread T_2;
    .scope S_0x569eb5cfbbc0;
T_3 ;
    %wait E_0x569eb5d435f0;
    %load/vec4 v0x569eb5d57800_0;
    %nor/r;
    %flag_set/vec4 8;
    %jmp/0xz  T_3.0, 8;
    %pushi/vec4 0, 0, 8;
    %assign/vec4 v0x569eb5d57150_0, 0;
    %pushi/vec4 0, 0, 8;
    %assign/vec4 v0x569eb5d57420_0, 0;
    %pushi/vec4 0, 0, 32;
    %assign/vec4 v0x569eb5d57210_0, 0;
    %jmp T_3.1;
T_3.0 ;
    %load/vec4 v0x569eb5d57080_0;
    %assign/vec4 v0x569eb5d57150_0, 0;
    %load/vec4 v0x569eb5d57340_0;
    %assign/vec4 v0x569eb5d57420_0, 0;
    %load/vec4 v0x569eb5d575f0_0;
    %flag_set/vec4 8;
    %jmp/0xz  T_3.2, 8;
    %pushi/vec4 0, 0, 32;
    %assign/vec4 v0x569eb5d57210_0, 0;
    %jmp T_3.3;
T_3.2 ;
    %load/vec4 v0x569eb5d578f0_0;
    %flag_set/vec4 8;
    %jmp/0xz  T_3.4, 8;
    %load/vec4 v0x569eb5d57210_0;
    %load/vec4 v0x569eb5d57720_0;
    %pad/s 32;
    %add;
    %assign/vec4 v0x569eb5d57210_0, 0;
T_3.4 ;
T_3.3 ;
T_3.1 ;
    %jmp T_3;
    .thread T_3;
    .scope S_0x569eb5d42b30;
T_4 ;
    %wait E_0x569eb5d435f0;
    %load/vec4 v0x569eb5d58560_0;
    %nor/r;
    %flag_set/vec4 8;
    %jmp/0xz  T_4.0, 8;
    %pushi/vec4 0, 0, 8;
    %assign/vec4 v0x569eb5d57f00_0, 0;
    %pushi/vec4 0, 0, 8;
    %assign/vec4 v0x569eb5d581d0_0, 0;
    %pushi/vec4 0, 0, 32;
    %assign/vec4 v0x569eb5d57fc0_0, 0;
    %jmp T_4.1;
T_4.0 ;
    %load/vec4 v0x569eb5d57e60_0;
    %assign/vec4 v0x569eb5d57f00_0, 0;
    %load/vec4 v0x569eb5d580f0_0;
    %assign/vec4 v0x569eb5d581d0_0, 0;
    %load/vec4 v0x569eb5d58350_0;
    %flag_set/vec4 8;
    %jmp/0xz  T_4.2, 8;
    %pushi/vec4 0, 0, 32;
    %assign/vec4 v0x569eb5d57fc0_0, 0;
    %jmp T_4.3;
T_4.2 ;
    %load/vec4 v0x569eb5d58600_0;
    %flag_set/vec4 8;
    %jmp/0xz  T_4.4, 8;
    %load/vec4 v0x569eb5d57fc0_0;
    %load/vec4 v0x569eb5d58480_0;
    %pad/s 32;
    %add;
    %assign/vec4 v0x569eb5d57fc0_0, 0;
T_4.4 ;
T_4.3 ;
T_4.1 ;
    %jmp T_4;
    .thread T_4;
    .scope S_0x569eb5d587c0;
T_5 ;
    %wait E_0x569eb5d435f0;
    %load/vec4 v0x569eb5d594d0_0;
    %nor/r;
    %flag_set/vec4 8;
    %jmp/0xz  T_5.0, 8;
    %pushi/vec4 0, 0, 8;
    %assign/vec4 v0x569eb5d58d70_0, 0;
    %pushi/vec4 0, 0, 8;
    %assign/vec4 v0x569eb5d59040_0, 0;
    %pushi/vec4 0, 0, 32;
    %assign/vec4 v0x569eb5d58e50_0, 0;
    %jmp T_5.1;
T_5.0 ;
    %load/vec4 v0x569eb5d58cb0_0;
    %assign/vec4 v0x569eb5d58d70_0, 0;
    %load/vec4 v0x569eb5d58f80_0;
    %assign/vec4 v0x569eb5d59040_0, 0;
    %load/vec4 v0x569eb5d59230_0;
    %flag_set/vec4 8;
    %jmp/0xz  T_5.2, 8;
    %pushi/vec4 0, 0, 32;
    %assign/vec4 v0x569eb5d58e50_0, 0;
    %jmp T_5.3;
T_5.2 ;
    %load/vec4 v0x569eb5d59600_0;
    %flag_set/vec4 8;
    %jmp/0xz  T_5.4, 8;
    %load/vec4 v0x569eb5d58e50_0;
    %load/vec4 v0x569eb5d593f0_0;
    %pad/s 32;
    %add;
    %assign/vec4 v0x569eb5d58e50_0, 0;
T_5.4 ;
T_5.3 ;
T_5.1 ;
    %jmp T_5;
    .thread T_5;
    .scope S_0x569eb5d59850;
T_6 ;
    %wait E_0x569eb5d435f0;
    %load/vec4 v0x569eb5d5a310_0;
    %nor/r;
    %flag_set/vec4 8;
    %jmp/0xz  T_6.0, 8;
    %pushi/vec4 0, 0, 8;
    %assign/vec4 v0x569eb5d59d40_0, 0;
    %pushi/vec4 0, 0, 8;
    %assign/vec4 v0x569eb5d59fa0_0, 0;
    %pushi/vec4 0, 0, 32;
    %assign/vec4 v0x569eb5d59e00_0, 0;
    %jmp T_6.1;
T_6.0 ;
    %load/vec4 v0x569eb5d59ca0_0;
    %assign/vec4 v0x569eb5d59d40_0, 0;
    %load/vec4 v0x569eb5d59ee0_0;
    %assign/vec4 v0x569eb5d59fa0_0, 0;
    %load/vec4 v0x569eb5d5a100_0;
    %flag_set/vec4 8;
    %jmp/0xz  T_6.2, 8;
    %pushi/vec4 0, 0, 32;
    %assign/vec4 v0x569eb5d59e00_0, 0;
    %jmp T_6.3;
T_6.2 ;
    %load/vec4 v0x569eb5d5a3b0_0;
    %flag_set/vec4 8;
    %jmp/0xz  T_6.4, 8;
    %load/vec4 v0x569eb5d59e00_0;
    %load/vec4 v0x569eb5d5a230_0;
    %pad/s 32;
    %add;
    %assign/vec4 v0x569eb5d59e00_0, 0;
T_6.4 ;
T_6.3 ;
T_6.1 ;
    %jmp T_6;
    .thread T_6;
    .scope S_0x569eb5d5a570;
T_7 ;
    %wait E_0x569eb5d435f0;
    %load/vec4 v0x569eb5d5b030_0;
    %nor/r;
    %flag_set/vec4 8;
    %jmp/0xz  T_7.0, 8;
    %pushi/vec4 0, 0, 8;
    %assign/vec4 v0x569eb5d5aa60_0, 0;
    %pushi/vec4 0, 0, 8;
    %assign/vec4 v0x569eb5d5acc0_0, 0;
    %pushi/vec4 0, 0, 32;
    %assign/vec4 v0x569eb5d5ab20_0, 0;
    %jmp T_7.1;
T_7.0 ;
    %load/vec4 v0x569eb5d5a9c0_0;
    %assign/vec4 v0x569eb5d5aa60_0, 0;
    %load/vec4 v0x569eb5d5ac00_0;
    %assign/vec4 v0x569eb5d5acc0_0, 0;
    %load/vec4 v0x569eb5d5ae20_0;
    %flag_set/vec4 8;
    %jmp/0xz  T_7.2, 8;
    %pushi/vec4 0, 0, 32;
    %assign/vec4 v0x569eb5d5ab20_0, 0;
    %jmp T_7.3;
T_7.2 ;
    %load/vec4 v0x569eb5d5b0d0_0;
    %flag_set/vec4 8;
    %jmp/0xz  T_7.4, 8;
    %load/vec4 v0x569eb5d5ab20_0;
    %load/vec4 v0x569eb5d5af50_0;
    %pad/s 32;
    %add;
    %assign/vec4 v0x569eb5d5ab20_0, 0;
T_7.4 ;
T_7.3 ;
T_7.1 ;
    %jmp T_7;
    .thread T_7;
    .scope S_0x569eb5d5b290;
T_8 ;
    %wait E_0x569eb5d435f0;
    %load/vec4 v0x569eb5d5be50_0;
    %nor/r;
    %flag_set/vec4 8;
    %jmp/0xz  T_8.0, 8;
    %pushi/vec4 0, 0, 8;
    %assign/vec4 v0x569eb5d5b830_0, 0;
    %pushi/vec4 0, 0, 8;
    %assign/vec4 v0x569eb5d5bae0_0, 0;
    %pushi/vec4 0, 0, 32;
    %assign/vec4 v0x569eb5d5b8f0_0, 0;
    %jmp T_8.1;
T_8.0 ;
    %load/vec4 v0x569eb5d5b730_0;
    %assign/vec4 v0x569eb5d5b830_0, 0;
    %load/vec4 v0x569eb5d5ba20_0;
    %assign/vec4 v0x569eb5d5bae0_0, 0;
    %load/vec4 v0x569eb5d5bc40_0;
    %flag_set/vec4 8;
    %jmp/0xz  T_8.2, 8;
    %pushi/vec4 0, 0, 32;
    %assign/vec4 v0x569eb5d5b8f0_0, 0;
    %jmp T_8.3;
T_8.2 ;
    %load/vec4 v0x569eb5d5bef0_0;
    %flag_set/vec4 8;
    %jmp/0xz  T_8.4, 8;
    %load/vec4 v0x569eb5d5b8f0_0;
    %load/vec4 v0x569eb5d5bd70_0;
    %pad/s 32;
    %add;
    %assign/vec4 v0x569eb5d5b8f0_0, 0;
T_8.4 ;
T_8.3 ;
T_8.1 ;
    %jmp T_8;
    .thread T_8;
    .scope S_0x569eb5d5c0b0;
T_9 ;
    %wait E_0x569eb5d435f0;
    %load/vec4 v0x569eb5d5cd40_0;
    %nor/r;
    %flag_set/vec4 8;
    %jmp/0xz  T_9.0, 8;
    %pushi/vec4 0, 0, 8;
    %assign/vec4 v0x569eb5d5c680_0, 0;
    %pushi/vec4 0, 0, 8;
    %assign/vec4 v0x569eb5d5c950_0, 0;
    %pushi/vec4 0, 0, 32;
    %assign/vec4 v0x569eb5d5c760_0, 0;
    %jmp T_9.1;
T_9.0 ;
    %load/vec4 v0x569eb5d5c590_0;
    %assign/vec4 v0x569eb5d5c680_0, 0;
    %load/vec4 v0x569eb5d5c890_0;
    %assign/vec4 v0x569eb5d5c950_0, 0;
    %load/vec4 v0x569eb5d5cab0_0;
    %flag_set/vec4 8;
    %jmp/0xz  T_9.2, 8;
    %pushi/vec4 0, 0, 32;
    %assign/vec4 v0x569eb5d5c760_0, 0;
    %jmp T_9.3;
T_9.2 ;
    %load/vec4 v0x569eb5d5cef0_0;
    %flag_set/vec4 8;
    %jmp/0xz  T_9.4, 8;
    %load/vec4 v0x569eb5d5c760_0;
    %load/vec4 v0x569eb5d5cc60_0;
    %pad/s 32;
    %add;
    %assign/vec4 v0x569eb5d5c760_0, 0;
T_9.4 ;
T_9.3 ;
T_9.1 ;
    %jmp T_9;
    .thread T_9;
    .scope S_0x569eb5d5d1c0;
T_10 ;
    %wait E_0x569eb5d435f0;
    %load/vec4 v0x569eb5d5dcf0_0;
    %nor/r;
    %flag_set/vec4 8;
    %jmp/0xz  T_10.0, 8;
    %pushi/vec4 0, 0, 8;
    %assign/vec4 v0x569eb5d5d760_0, 0;
    %pushi/vec4 0, 0, 8;
    %assign/vec4 v0x569eb5d5da10_0, 0;
    %pushi/vec4 0, 0, 32;
    %assign/vec4 v0x569eb5d5d820_0, 0;
    %jmp T_10.1;
T_10.0 ;
    %load/vec4 v0x569eb5d5d660_0;
    %assign/vec4 v0x569eb5d5d760_0, 0;
    %load/vec4 v0x569eb5d5d950_0;
    %assign/vec4 v0x569eb5d5da10_0, 0;
    %load/vec4 v0x569eb5d5db70_0;
    %flag_set/vec4 8;
    %jmp/0xz  T_10.2, 8;
    %pushi/vec4 0, 0, 32;
    %assign/vec4 v0x569eb5d5d820_0, 0;
    %jmp T_10.3;
T_10.2 ;
    %load/vec4 v0x569eb5d5dd90_0;
    %flag_set/vec4 8;
    %jmp/0xz  T_10.4, 8;
    %load/vec4 v0x569eb5d5d820_0;
    %load/vec4 v0x569eb5d5dc10_0;
    %pad/s 32;
    %add;
    %assign/vec4 v0x569eb5d5d820_0, 0;
T_10.4 ;
T_10.3 ;
T_10.1 ;
    %jmp T_10;
    .thread T_10;
    .scope S_0x569eb5d5df50;
T_11 ;
    %wait E_0x569eb5d435f0;
    %load/vec4 v0x569eb5d5ea80_0;
    %nor/r;
    %flag_set/vec4 8;
    %jmp/0xz  T_11.0, 8;
    %pushi/vec4 0, 0, 8;
    %assign/vec4 v0x569eb5d5e4f0_0, 0;
    %pushi/vec4 0, 0, 8;
    %assign/vec4 v0x569eb5d5e7a0_0, 0;
    %pushi/vec4 0, 0, 32;
    %assign/vec4 v0x569eb5d5e5b0_0, 0;
    %jmp T_11.1;
T_11.0 ;
    %load/vec4 v0x569eb5d5e3f0_0;
    %assign/vec4 v0x569eb5d5e4f0_0, 0;
    %load/vec4 v0x569eb5d5e6e0_0;
    %assign/vec4 v0x569eb5d5e7a0_0, 0;
    %load/vec4 v0x569eb5d5e900_0;
    %flag_set/vec4 8;
    %jmp/0xz  T_11.2, 8;
    %pushi/vec4 0, 0, 32;
    %assign/vec4 v0x569eb5d5e5b0_0, 0;
    %jmp T_11.3;
T_11.2 ;
    %load/vec4 v0x569eb5d5eb20_0;
    %flag_set/vec4 8;
    %jmp/0xz  T_11.4, 8;
    %load/vec4 v0x569eb5d5e5b0_0;
    %load/vec4 v0x569eb5d5e9a0_0;
    %pad/s 32;
    %add;
    %assign/vec4 v0x569eb5d5e5b0_0, 0;
T_11.4 ;
T_11.3 ;
T_11.1 ;
    %jmp T_11;
    .thread T_11;
    .scope S_0x569eb5d5ece0;
T_12 ;
    %wait E_0x569eb5d435f0;
    %load/vec4 v0x569eb5d5f810_0;
    %nor/r;
    %flag_set/vec4 8;
    %jmp/0xz  T_12.0, 8;
    %pushi/vec4 0, 0, 8;
    %assign/vec4 v0x569eb5d5f280_0, 0;
    %pushi/vec4 0, 0, 8;
    %assign/vec4 v0x569eb5d5f530_0, 0;
    %pushi/vec4 0, 0, 32;
    %assign/vec4 v0x569eb5d5f340_0, 0;
    %jmp T_12.1;
T_12.0 ;
    %load/vec4 v0x569eb5d5f180_0;
    %assign/vec4 v0x569eb5d5f280_0, 0;
    %load/vec4 v0x569eb5d5f470_0;
    %assign/vec4 v0x569eb5d5f530_0, 0;
    %load/vec4 v0x569eb5d5f690_0;
    %flag_set/vec4 8;
    %jmp/0xz  T_12.2, 8;
    %pushi/vec4 0, 0, 32;
    %assign/vec4 v0x569eb5d5f340_0, 0;
    %jmp T_12.3;
T_12.2 ;
    %load/vec4 v0x569eb5d5f8b0_0;
    %flag_set/vec4 8;
    %jmp/0xz  T_12.4, 8;
    %load/vec4 v0x569eb5d5f340_0;
    %load/vec4 v0x569eb5d5f730_0;
    %pad/s 32;
    %add;
    %assign/vec4 v0x569eb5d5f340_0, 0;
T_12.4 ;
T_12.3 ;
T_12.1 ;
    %jmp T_12;
    .thread T_12;
    .scope S_0x569eb5d5fa70;
T_13 ;
    %wait E_0x569eb5d435f0;
    %load/vec4 v0x569eb5d60640_0;
    %nor/r;
    %flag_set/vec4 8;
    %jmp/0xz  T_13.0, 8;
    %pushi/vec4 0, 0, 8;
    %assign/vec4 v0x569eb5d60000_0, 0;
    %pushi/vec4 0, 0, 8;
    %assign/vec4 v0x569eb5d602d0_0, 0;
    %pushi/vec4 0, 0, 32;
    %assign/vec4 v0x569eb5d600e0_0, 0;
    %jmp T_13.1;
T_13.0 ;
    %load/vec4 v0x569eb5d5ff10_0;
    %assign/vec4 v0x569eb5d60000_0, 0;
    %load/vec4 v0x569eb5d60210_0;
    %assign/vec4 v0x569eb5d602d0_0, 0;
    %load/vec4 v0x569eb5d60430_0;
    %flag_set/vec4 8;
    %jmp/0xz  T_13.2, 8;
    %pushi/vec4 0, 0, 32;
    %assign/vec4 v0x569eb5d600e0_0, 0;
    %jmp T_13.3;
T_13.2 ;
    %load/vec4 v0x569eb5d606e0_0;
    %flag_set/vec4 8;
    %jmp/0xz  T_13.4, 8;
    %load/vec4 v0x569eb5d600e0_0;
    %load/vec4 v0x569eb5d60560_0;
    %pad/s 32;
    %add;
    %assign/vec4 v0x569eb5d600e0_0, 0;
T_13.4 ;
T_13.3 ;
T_13.1 ;
    %jmp T_13;
    .thread T_13;
    .scope S_0x569eb5d608a0;
T_14 ;
    %wait E_0x569eb5d435f0;
    %load/vec4 v0x569eb5d61460_0;
    %nor/r;
    %flag_set/vec4 8;
    %jmp/0xz  T_14.0, 8;
    %pushi/vec4 0, 0, 8;
    %assign/vec4 v0x569eb5d60e40_0, 0;
    %pushi/vec4 0, 0, 8;
    %assign/vec4 v0x569eb5d610f0_0, 0;
    %pushi/vec4 0, 0, 32;
    %assign/vec4 v0x569eb5d60f00_0, 0;
    %jmp T_14.1;
T_14.0 ;
    %load/vec4 v0x569eb5d60d40_0;
    %assign/vec4 v0x569eb5d60e40_0, 0;
    %load/vec4 v0x569eb5d61030_0;
    %assign/vec4 v0x569eb5d610f0_0, 0;
    %load/vec4 v0x569eb5d61250_0;
    %flag_set/vec4 8;
    %jmp/0xz  T_14.2, 8;
    %pushi/vec4 0, 0, 32;
    %assign/vec4 v0x569eb5d60f00_0, 0;
    %jmp T_14.3;
T_14.2 ;
    %load/vec4 v0x569eb5d61500_0;
    %flag_set/vec4 8;
    %jmp/0xz  T_14.4, 8;
    %load/vec4 v0x569eb5d60f00_0;
    %load/vec4 v0x569eb5d61380_0;
    %pad/s 32;
    %add;
    %assign/vec4 v0x569eb5d60f00_0, 0;
T_14.4 ;
T_14.3 ;
T_14.1 ;
    %jmp T_14;
    .thread T_14;
    .scope S_0x569eb5d616c0;
T_15 ;
    %wait E_0x569eb5d435f0;
    %load/vec4 v0x569eb5d62280_0;
    %nor/r;
    %flag_set/vec4 8;
    %jmp/0xz  T_15.0, 8;
    %pushi/vec4 0, 0, 8;
    %assign/vec4 v0x569eb5d61c60_0, 0;
    %pushi/vec4 0, 0, 8;
    %assign/vec4 v0x569eb5d61f10_0, 0;
    %pushi/vec4 0, 0, 32;
    %assign/vec4 v0x569eb5d61d20_0, 0;
    %jmp T_15.1;
T_15.0 ;
    %load/vec4 v0x569eb5d61b60_0;
    %assign/vec4 v0x569eb5d61c60_0, 0;
    %load/vec4 v0x569eb5d61e50_0;
    %assign/vec4 v0x569eb5d61f10_0, 0;
    %load/vec4 v0x569eb5d62070_0;
    %flag_set/vec4 8;
    %jmp/0xz  T_15.2, 8;
    %pushi/vec4 0, 0, 32;
    %assign/vec4 v0x569eb5d61d20_0, 0;
    %jmp T_15.3;
T_15.2 ;
    %load/vec4 v0x569eb5d62320_0;
    %flag_set/vec4 8;
    %jmp/0xz  T_15.4, 8;
    %load/vec4 v0x569eb5d61d20_0;
    %load/vec4 v0x569eb5d621a0_0;
    %pad/s 32;
    %add;
    %assign/vec4 v0x569eb5d61d20_0, 0;
T_15.4 ;
T_15.3 ;
T_15.1 ;
    %jmp T_15;
    .thread T_15;
    .scope S_0x569eb5d624e0;
T_16 ;
    %wait E_0x569eb5d435f0;
    %load/vec4 v0x569eb5d630a0_0;
    %nor/r;
    %flag_set/vec4 8;
    %jmp/0xz  T_16.0, 8;
    %pushi/vec4 0, 0, 8;
    %assign/vec4 v0x569eb5d62a80_0, 0;
    %pushi/vec4 0, 0, 8;
    %assign/vec4 v0x569eb5d62d30_0, 0;
    %pushi/vec4 0, 0, 32;
    %assign/vec4 v0x569eb5d62b40_0, 0;
    %jmp T_16.1;
T_16.0 ;
    %load/vec4 v0x569eb5d62980_0;
    %assign/vec4 v0x569eb5d62a80_0, 0;
    %load/vec4 v0x569eb5d62c70_0;
    %assign/vec4 v0x569eb5d62d30_0, 0;
    %load/vec4 v0x569eb5d62e90_0;
    %flag_set/vec4 8;
    %jmp/0xz  T_16.2, 8;
    %pushi/vec4 0, 0, 32;
    %assign/vec4 v0x569eb5d62b40_0, 0;
    %jmp T_16.3;
T_16.2 ;
    %load/vec4 v0x569eb5d63140_0;
    %flag_set/vec4 8;
    %jmp/0xz  T_16.4, 8;
    %load/vec4 v0x569eb5d62b40_0;
    %load/vec4 v0x569eb5d62fc0_0;
    %pad/s 32;
    %add;
    %assign/vec4 v0x569eb5d62b40_0, 0;
T_16.4 ;
T_16.3 ;
T_16.1 ;
    %jmp T_16;
    .thread T_16;
    .scope S_0x569eb5cfb020;
T_17 ;
    %wait E_0x569eb5d435f0;
    %load/vec4 v0x569eb5d67730_0;
    %nor/r;
    %flag_set/vec4 8;
    %jmp/0xz  T_17.0, 8;
    %pushi/vec4 0, 0, 8;
    %assign/vec4 v0x569eb5d63300_0, 0;
    %pushi/vec4 0, 0, 8;
    %assign/vec4 v0x569eb5d63400_0, 0;
    %pushi/vec4 0, 0, 8;
    %assign/vec4 v0x569eb5d634e0_0, 0;
    %pushi/vec4 0, 0, 8;
    %assign/vec4 v0x569eb5d635d0_0, 0;
    %pushi/vec4 0, 0, 8;
    %assign/vec4 v0x569eb5d636b0_0, 0;
    %pushi/vec4 0, 0, 8;
    %assign/vec4 v0x569eb5d63790_0, 0;
    %jmp T_17.1;
T_17.0 ;
    %load/vec4 v0x569eb5d679e0_0;
    %flag_set/vec4 8;
    %jmp/0xz  T_17.2, 8;
    %pushi/vec4 0, 0, 8;
    %assign/vec4 v0x569eb5d63300_0, 0;
    %pushi/vec4 0, 0, 8;
    %assign/vec4 v0x569eb5d63400_0, 0;
    %pushi/vec4 0, 0, 8;
    %assign/vec4 v0x569eb5d634e0_0, 0;
    %pushi/vec4 0, 0, 8;
    %assign/vec4 v0x569eb5d635d0_0, 0;
    %pushi/vec4 0, 0, 8;
    %assign/vec4 v0x569eb5d636b0_0, 0;
    %pushi/vec4 0, 0, 8;
    %assign/vec4 v0x569eb5d63790_0, 0;
    %jmp T_17.3;
T_17.2 ;
    %load/vec4 v0x569eb5d67c90_0;
    %flag_set/vec4 8;
    %jmp/0xz  T_17.4, 8;
    %load/vec4 v0x569eb5d63870_0;
    %parti/s 8, 16, 6;
    %assign/vec4 v0x569eb5d63300_0, 0;
    %load/vec4 v0x569eb5d63870_0;
    %parti/s 8, 8, 5;
    %assign/vec4 v0x569eb5d63400_0, 0;
    %load/vec4 v0x569eb5d63400_0;
    %assign/vec4 v0x569eb5d634e0_0, 0;
    %load/vec4 v0x569eb5d63870_0;
    %parti/s 8, 0, 2;
    %assign/vec4 v0x569eb5d635d0_0, 0;
    %load/vec4 v0x569eb5d635d0_0;
    %assign/vec4 v0x569eb5d636b0_0, 0;
    %load/vec4 v0x569eb5d636b0_0;
    %assign/vec4 v0x569eb5d63790_0, 0;
T_17.4 ;
T_17.3 ;
T_17.1 ;
    %jmp T_17;
    .thread T_17;
    .scope S_0x569eb5cfb020;
T_18 ;
    %wait E_0x569eb5d435f0;
    %load/vec4 v0x569eb5d67730_0;
    %nor/r;
    %flag_set/vec4 8;
    %jmp/0xz  T_18.0, 8;
    %pushi/vec4 0, 0, 8;
    %assign/vec4 v0x569eb5d64c80_0, 0;
    %pushi/vec4 0, 0, 8;
    %assign/vec4 v0x569eb5d64d40_0, 0;
    %pushi/vec4 0, 0, 8;
    %assign/vec4 v0x569eb5d64e20_0, 0;
    %pushi/vec4 0, 0, 8;
    %assign/vec4 v0x569eb5d64f00_0, 0;
    %pushi/vec4 0, 0, 8;
    %assign/vec4 v0x569eb5d64fe0_0, 0;
    %pushi/vec4 0, 0, 8;
    %assign/vec4 v0x569eb5d650c0_0, 0;
    %jmp T_18.1;
T_18.0 ;
    %load/vec4 v0x569eb5d679e0_0;
    %flag_set/vec4 8;
    %jmp/0xz  T_18.2, 8;
    %pushi/vec4 0, 0, 8;
    %assign/vec4 v0x569eb5d64c80_0, 0;
    %pushi/vec4 0, 0, 8;
    %assign/vec4 v0x569eb5d64d40_0, 0;
    %pushi/vec4 0, 0, 8;
    %assign/vec4 v0x569eb5d64e20_0, 0;
    %pushi/vec4 0, 0, 8;
    %assign/vec4 v0x569eb5d64f00_0, 0;
    %pushi/vec4 0, 0, 8;
    %assign/vec4 v0x569eb5d64fe0_0, 0;
    %pushi/vec4 0, 0, 8;
    %assign/vec4 v0x569eb5d650c0_0, 0;
    %jmp T_18.3;
T_18.2 ;
    %load/vec4 v0x569eb5d67c90_0;
    %flag_set/vec4 8;
    %jmp/0xz  T_18.4, 8;
    %load/vec4 v0x569eb5d653b0_0;
    %parti/s 8, 16, 6;
    %assign/vec4 v0x569eb5d64c80_0, 0;
    %load/vec4 v0x569eb5d653b0_0;
    %parti/s 8, 8, 5;
    %assign/vec4 v0x569eb5d64d40_0, 0;
    %load/vec4 v0x569eb5d64d40_0;
    %assign/vec4 v0x569eb5d64e20_0, 0;
    %load/vec4 v0x569eb5d653b0_0;
    %parti/s 8, 0, 2;
    %assign/vec4 v0x569eb5d64f00_0, 0;
    %load/vec4 v0x569eb5d64f00_0;
    %assign/vec4 v0x569eb5d64fe0_0, 0;
    %load/vec4 v0x569eb5d64fe0_0;
    %assign/vec4 v0x569eb5d650c0_0, 0;
T_18.4 ;
T_18.3 ;
T_18.1 ;
    %jmp T_18;
    .thread T_18;
    .scope S_0x569eb5cff0d0;
T_19 ;
    %wait E_0x569eb5c60270;
    %pushi/vec4 0, 0, 8;
    %store/vec4 v0x569eb5d6cd10_0, 0, 8;
    %pushi/vec4 0, 0, 8;
    %store/vec4 v0x569eb5d6cdf0_0, 0, 8;
    %pushi/vec4 0, 0, 8;
    %store/vec4 v0x569eb5d6ced0_0, 0, 8;
    %pushi/vec4 0, 0, 8;
    %store/vec4 v0x569eb5d6d3c0_0, 0, 8;
    %pushi/vec4 0, 0, 8;
    %store/vec4 v0x569eb5d6d560_0, 0, 8;
    %pushi/vec4 0, 0, 8;
    %store/vec4 v0x569eb5d6d620_0, 0, 8;
    %pushi/vec4 0, 0, 8;
    %store/vec4 v0x569eb5d6d700_0, 0, 8;
    %pushi/vec4 0, 0, 8;
    %store/vec4 v0x569eb5d6d7e0_0, 0, 8;
    %load/vec4 v0x569eb5d6dbc0_0;
    %cmpi/e 4, 0, 4;
    %jmp/0xz  T_19.0, 4;
    %load/vec4 v0x569eb5d6c9d0_0;
    %pad/u 32;
    %cmpi/u 0, 0, 32;
    %flag_or 5, 4; GT is !LE
    %flag_inv 5;
    %jmp/0xz  T_19.2, 5;
    %load/vec4 v0x569eb5d6aaa0_0;
    %pushi/vec4 0, 0, 2;
    %store/vec4 v0x569eb5d69350_0, 0, 2;
    %store/vec4 v0x569eb5d69530_0, 0, 32;
    %callf/vec4 TD_TPU.pick8, S_0x569eb5d69120;
    %store/vec4 v0x569eb5d6cd10_0, 0, 8;
T_19.2 ;
    %load/vec4 v0x569eb5d6c9d0_0;
    %pad/u 32;
    %cmpi/u 1, 0, 32;
    %flag_or 5, 4; GT is !LE
    %flag_inv 5;
    %jmp/0xz  T_19.4, 5;
    %load/vec4 v0x569eb5d6aaa0_0;
    %pushi/vec4 1, 0, 2;
    %store/vec4 v0x569eb5d69350_0, 0, 2;
    %store/vec4 v0x569eb5d69530_0, 0, 32;
    %callf/vec4 TD_TPU.pick8, S_0x569eb5d69120;
    %store/vec4 v0x569eb5d6cdf0_0, 0, 8;
T_19.4 ;
    %load/vec4 v0x569eb5d6c9d0_0;
    %pad/u 32;
    %cmpi/u 2, 0, 32;
    %flag_or 5, 4; GT is !LE
    %flag_inv 5;
    %jmp/0xz  T_19.6, 5;
    %load/vec4 v0x569eb5d6aaa0_0;
    %pushi/vec4 2, 0, 2;
    %store/vec4 v0x569eb5d69350_0, 0, 2;
    %store/vec4 v0x569eb5d69530_0, 0, 32;
    %callf/vec4 TD_TPU.pick8, S_0x569eb5d69120;
    %store/vec4 v0x569eb5d6ced0_0, 0, 8;
T_19.6 ;
    %load/vec4 v0x569eb5d6c9d0_0;
    %pad/u 32;
    %cmpi/u 3, 0, 32;
    %flag_or 5, 4; GT is !LE
    %flag_inv 5;
    %jmp/0xz  T_19.8, 5;
    %load/vec4 v0x569eb5d6aaa0_0;
    %pushi/vec4 3, 0, 2;
    %store/vec4 v0x569eb5d69350_0, 0, 2;
    %store/vec4 v0x569eb5d69530_0, 0, 32;
    %callf/vec4 TD_TPU.pick8, S_0x569eb5d69120;
    %store/vec4 v0x569eb5d6d3c0_0, 0, 8;
T_19.8 ;
    %load/vec4 v0x569eb5d6cab0_0;
    %pad/u 32;
    %cmpi/u 0, 0, 32;
    %flag_or 5, 4; GT is !LE
    %flag_inv 5;
    %jmp/0xz  T_19.10, 5;
    %load/vec4 v0x569eb5d6ac60_0;
    %pushi/vec4 0, 0, 2;
    %store/vec4 v0x569eb5d69350_0, 0, 2;
    %store/vec4 v0x569eb5d69530_0, 0, 32;
    %callf/vec4 TD_TPU.pick8, S_0x569eb5d69120;
    %store/vec4 v0x569eb5d6d560_0, 0, 8;
T_19.10 ;
    %load/vec4 v0x569eb5d6cab0_0;
    %pad/u 32;
    %cmpi/u 1, 0, 32;
    %flag_or 5, 4; GT is !LE
    %flag_inv 5;
    %jmp/0xz  T_19.12, 5;
    %load/vec4 v0x569eb5d6ac60_0;
    %pushi/vec4 1, 0, 2;
    %store/vec4 v0x569eb5d69350_0, 0, 2;
    %store/vec4 v0x569eb5d69530_0, 0, 32;
    %callf/vec4 TD_TPU.pick8, S_0x569eb5d69120;
    %store/vec4 v0x569eb5d6d620_0, 0, 8;
T_19.12 ;
    %load/vec4 v0x569eb5d6cab0_0;
    %pad/u 32;
    %cmpi/u 2, 0, 32;
    %flag_or 5, 4; GT is !LE
    %flag_inv 5;
    %jmp/0xz  T_19.14, 5;
    %load/vec4 v0x569eb5d6ac60_0;
    %pushi/vec4 2, 0, 2;
    %store/vec4 v0x569eb5d69350_0, 0, 2;
    %store/vec4 v0x569eb5d69530_0, 0, 32;
    %callf/vec4 TD_TPU.pick8, S_0x569eb5d69120;
    %store/vec4 v0x569eb5d6d700_0, 0, 8;
T_19.14 ;
    %load/vec4 v0x569eb5d6cab0_0;
    %pad/u 32;
    %cmpi/u 3, 0, 32;
    %flag_or 5, 4; GT is !LE
    %flag_inv 5;
    %jmp/0xz  T_19.16, 5;
    %load/vec4 v0x569eb5d6ac60_0;
    %pushi/vec4 3, 0, 2;
    %store/vec4 v0x569eb5d69350_0, 0, 2;
    %store/vec4 v0x569eb5d69530_0, 0, 32;
    %callf/vec4 TD_TPU.pick8, S_0x569eb5d69120;
    %store/vec4 v0x569eb5d6d7e0_0, 0, 8;
T_19.16 ;
T_19.0 ;
    %jmp T_19;
    .thread T_19, $push;
    .scope S_0x569eb5cff0d0;
T_20 ;
    %wait E_0x569eb5c74f20;
    %load/vec4 v0x569eb5d6cb90_0;
    %dup/vec4;
    %pushi/vec4 0, 0, 2;
    %cmp/u;
    %jmp/1 T_20.0, 6;
    %dup/vec4;
    %pushi/vec4 1, 0, 2;
    %cmp/u;
    %jmp/1 T_20.1, 6;
    %dup/vec4;
    %pushi/vec4 2, 0, 2;
    %cmp/u;
    %jmp/1 T_20.2, 6;
    %load/vec4 v0x569eb5d6cab0_0;
    %pad/u 32;
    %cmpi/u 0, 0, 32;
    %flag_or 5, 4; GT is !LE
    %flag_inv 5;
    %flag_mov 8, 5;
    %jmp/0 T_20.5, 8;
    %load/vec4 v0x569eb5d6bc50_0;
    %jmp/1 T_20.6, 8;
T_20.5 ; End of true expr.
    %pushi/vec4 0, 0, 32;
    %jmp/0 T_20.6, 8;
 ; End of false expr.
    %blend;
T_20.6;
    %load/vec4 v0x569eb5d6cab0_0;
    %pad/u 32;
    %cmpi/u 1, 0, 32;
    %flag_or 5, 4; GT is !LE
    %flag_inv 5;
    %flag_mov 8, 5;
    %jmp/0 T_20.7, 8;
    %load/vec4 v0x569eb5d6bd30_0;
    %jmp/1 T_20.8, 8;
T_20.7 ; End of true expr.
    %pushi/vec4 0, 0, 32;
    %jmp/0 T_20.8, 8;
 ; End of false expr.
    %blend;
T_20.8;
    %concat/vec4; draw_concat_vec4
    %load/vec4 v0x569eb5d6cab0_0;
    %pad/u 32;
    %cmpi/u 2, 0, 32;
    %flag_or 5, 4; GT is !LE
    %flag_inv 5;
    %flag_mov 8, 5;
    %jmp/0 T_20.9, 8;
    %load/vec4 v0x569eb5d6be10_0;
    %jmp/1 T_20.10, 8;
T_20.9 ; End of true expr.
    %pushi/vec4 0, 0, 32;
    %jmp/0 T_20.10, 8;
 ; End of false expr.
    %blend;
T_20.10;
    %concat/vec4; draw_concat_vec4
    %load/vec4 v0x569eb5d6cab0_0;
    %pad/u 32;
    %cmpi/u 3, 0, 32;
    %flag_or 5, 4; GT is !LE
    %flag_inv 5;
    %flag_mov 8, 5;
    %jmp/0 T_20.11, 8;
    %load/vec4 v0x569eb5d6bef0_0;
    %jmp/1 T_20.12, 8;
T_20.11 ; End of true expr.
    %pushi/vec4 0, 0, 32;
    %jmp/0 T_20.12, 8;
 ; End of false expr.
    %blend;
T_20.12;
    %concat/vec4; draw_concat_vec4
    %store/vec4 v0x569eb5d6bfd0_0, 0, 128;
    %jmp T_20.4;
T_20.0 ;
    %load/vec4 v0x569eb5d6cab0_0;
    %pad/u 32;
    %cmpi/u 0, 0, 32;
    %flag_or 5, 4; GT is !LE
    %flag_inv 5;
    %flag_mov 8, 5;
    %jmp/0 T_20.13, 8;
    %load/vec4 v0x569eb5d6afc0_0;
    %jmp/1 T_20.14, 8;
T_20.13 ; End of true expr.
    %pushi/vec4 0, 0, 32;
    %jmp/0 T_20.14, 8;
 ; End of false expr.
    %blend;
T_20.14;
    %load/vec4 v0x569eb5d6cab0_0;
    %pad/u 32;
    %cmpi/u 1, 0, 32;
    %flag_or 5, 4; GT is !LE
    %flag_inv 5;
    %flag_mov 8, 5;
    %jmp/0 T_20.15, 8;
    %load/vec4 v0x569eb5d6b0a0_0;
    %jmp/1 T_20.16, 8;
T_20.15 ; End of true expr.
    %pushi/vec4 0, 0, 32;
    %jmp/0 T_20.16, 8;
 ; End of false expr.
    %blend;
T_20.16;
    %concat/vec4; draw_concat_vec4
    %load/vec4 v0x569eb5d6cab0_0;
    %pad/u 32;
    %cmpi/u 2, 0, 32;
    %flag_or 5, 4; GT is !LE
    %flag_inv 5;
    %flag_mov 8, 5;
    %jmp/0 T_20.17, 8;
    %load/vec4 v0x569eb5d6b180_0;
    %jmp/1 T_20.18, 8;
T_20.17 ; End of true expr.
    %pushi/vec4 0, 0, 32;
    %jmp/0 T_20.18, 8;
 ; End of false expr.
    %blend;
T_20.18;
    %concat/vec4; draw_concat_vec4
    %load/vec4 v0x569eb5d6cab0_0;
    %pad/u 32;
    %cmpi/u 3, 0, 32;
    %flag_or 5, 4; GT is !LE
    %flag_inv 5;
    %flag_mov 8, 5;
    %jmp/0 T_20.19, 8;
    %load/vec4 v0x569eb5d6b470_0;
    %jmp/1 T_20.20, 8;
T_20.19 ; End of true expr.
    %pushi/vec4 0, 0, 32;
    %jmp/0 T_20.20, 8;
 ; End of false expr.
    %blend;
T_20.20;
    %concat/vec4; draw_concat_vec4
    %store/vec4 v0x569eb5d6bfd0_0, 0, 128;
    %jmp T_20.4;
T_20.1 ;
    %load/vec4 v0x569eb5d6cab0_0;
    %pad/u 32;
    %cmpi/u 0, 0, 32;
    %flag_or 5, 4; GT is !LE
    %flag_inv 5;
    %flag_mov 8, 5;
    %jmp/0 T_20.21, 8;
    %load/vec4 v0x569eb5d6b550_0;
    %jmp/1 T_20.22, 8;
T_20.21 ; End of true expr.
    %pushi/vec4 0, 0, 32;
    %jmp/0 T_20.22, 8;
 ; End of false expr.
    %blend;
T_20.22;
    %load/vec4 v0x569eb5d6cab0_0;
    %pad/u 32;
    %cmpi/u 1, 0, 32;
    %flag_or 5, 4; GT is !LE
    %flag_inv 5;
    %flag_mov 8, 5;
    %jmp/0 T_20.23, 8;
    %load/vec4 v0x569eb5d6b630_0;
    %jmp/1 T_20.24, 8;
T_20.23 ; End of true expr.
    %pushi/vec4 0, 0, 32;
    %jmp/0 T_20.24, 8;
 ; End of false expr.
    %blend;
T_20.24;
    %concat/vec4; draw_concat_vec4
    %load/vec4 v0x569eb5d6cab0_0;
    %pad/u 32;
    %cmpi/u 2, 0, 32;
    %flag_or 5, 4; GT is !LE
    %flag_inv 5;
    %flag_mov 8, 5;
    %jmp/0 T_20.25, 8;
    %load/vec4 v0x569eb5d6b710_0;
    %jmp/1 T_20.26, 8;
T_20.25 ; End of true expr.
    %pushi/vec4 0, 0, 32;
    %jmp/0 T_20.26, 8;
 ; End of false expr.
    %blend;
T_20.26;
    %concat/vec4; draw_concat_vec4
    %load/vec4 v0x569eb5d6cab0_0;
    %pad/u 32;
    %cmpi/u 3, 0, 32;
    %flag_or 5, 4; GT is !LE
    %flag_inv 5;
    %flag_mov 8, 5;
    %jmp/0 T_20.27, 8;
    %load/vec4 v0x569eb5d6b7f0_0;
    %jmp/1 T_20.28, 8;
T_20.27 ; End of true expr.
    %pushi/vec4 0, 0, 32;
    %jmp/0 T_20.28, 8;
 ; End of false expr.
    %blend;
T_20.28;
    %concat/vec4; draw_concat_vec4
    %store/vec4 v0x569eb5d6bfd0_0, 0, 128;
    %jmp T_20.4;
T_20.2 ;
    %load/vec4 v0x569eb5d6cab0_0;
    %pad/u 32;
    %cmpi/u 0, 0, 32;
    %flag_or 5, 4; GT is !LE
    %flag_inv 5;
    %flag_mov 8, 5;
    %jmp/0 T_20.29, 8;
    %load/vec4 v0x569eb5d6b8d0_0;
    %jmp/1 T_20.30, 8;
T_20.29 ; End of true expr.
    %pushi/vec4 0, 0, 32;
    %jmp/0 T_20.30, 8;
 ; End of false expr.
    %blend;
T_20.30;
    %load/vec4 v0x569eb5d6cab0_0;
    %pad/u 32;
    %cmpi/u 1, 0, 32;
    %flag_or 5, 4; GT is !LE
    %flag_inv 5;
    %flag_mov 8, 5;
    %jmp/0 T_20.31, 8;
    %load/vec4 v0x569eb5d6b9b0_0;
    %jmp/1 T_20.32, 8;
T_20.31 ; End of true expr.
    %pushi/vec4 0, 0, 32;
    %jmp/0 T_20.32, 8;
 ; End of false expr.
    %blend;
T_20.32;
    %concat/vec4; draw_concat_vec4
    %load/vec4 v0x569eb5d6cab0_0;
    %pad/u 32;
    %cmpi/u 2, 0, 32;
    %flag_or 5, 4; GT is !LE
    %flag_inv 5;
    %flag_mov 8, 5;
    %jmp/0 T_20.33, 8;
    %load/vec4 v0x569eb5d6ba90_0;
    %jmp/1 T_20.34, 8;
T_20.33 ; End of true expr.
    %pushi/vec4 0, 0, 32;
    %jmp/0 T_20.34, 8;
 ; End of false expr.
    %blend;
T_20.34;
    %concat/vec4; draw_concat_vec4
    %load/vec4 v0x569eb5d6cab0_0;
    %pad/u 32;
    %cmpi/u 3, 0, 32;
    %flag_or 5, 4; GT is !LE
    %flag_inv 5;
    %flag_mov 8, 5;
    %jmp/0 T_20.35, 8;
    %load/vec4 v0x569eb5d6bb70_0;
    %jmp/1 T_20.36, 8;
T_20.35 ; End of true expr.
    %pushi/vec4 0, 0, 32;
    %jmp/0 T_20.36, 8;
 ; End of false expr.
    %blend;
T_20.36;
    %concat/vec4; draw_concat_vec4
    %store/vec4 v0x569eb5d6bfd0_0, 0, 128;
    %jmp T_20.4;
T_20.4 ;
    %pop/vec4 1;
    %jmp T_20;
    .thread T_20, $push;
    .scope S_0x569eb5cff0d0;
T_21 ;
    %wait E_0x569eb5c3c450;
    %load/vec4 v0x569eb5d6dbc0_0;
    %store/vec4 v0x569eb5d6dc80_0, 0, 4;
    %load/vec4 v0x569eb5d6dbc0_0;
    %dup/vec4;
    %pushi/vec4 0, 0, 4;
    %cmp/u;
    %jmp/1 T_21.0, 6;
    %dup/vec4;
    %pushi/vec4 1, 0, 4;
    %cmp/u;
    %jmp/1 T_21.1, 6;
    %dup/vec4;
    %pushi/vec4 2, 0, 4;
    %cmp/u;
    %jmp/1 T_21.2, 6;
    %dup/vec4;
    %pushi/vec4 3, 0, 4;
    %cmp/u;
    %jmp/1 T_21.3, 6;
    %dup/vec4;
    %pushi/vec4 4, 0, 4;
    %cmp/u;
    %jmp/1 T_21.4, 6;
    %dup/vec4;
    %pushi/vec4 5, 0, 4;
    %cmp/u;
    %jmp/1 T_21.5, 6;
    %dup/vec4;
    %pushi/vec4 6, 0, 4;
    %cmp/u;
    %jmp/1 T_21.6, 6;
    %dup/vec4;
    %pushi/vec4 7, 0, 4;
    %cmp/u;
    %jmp/1 T_21.7, 6;
    %pushi/vec4 0, 0, 4;
    %store/vec4 v0x569eb5d6dc80_0, 0, 4;
    %jmp T_21.9;
T_21.0 ;
    %load/vec4 v0x569eb5d6c670_0;
    %flag_set/vec4 8;
    %jmp/0 T_21.10, 8;
    %pushi/vec4 1, 0, 4;
    %jmp/1 T_21.11, 8;
T_21.10 ; End of true expr.
    %pushi/vec4 0, 0, 4;
    %jmp/0 T_21.11, 8;
 ; End of false expr.
    %blend;
T_21.11;
    %store/vec4 v0x569eb5d6dc80_0, 0, 4;
    %jmp T_21.9;
T_21.1 ;
    %pushi/vec4 2, 0, 4;
    %store/vec4 v0x569eb5d6dc80_0, 0, 4;
    %jmp T_21.9;
T_21.2 ;
    %pushi/vec4 3, 0, 4;
    %store/vec4 v0x569eb5d6dc80_0, 0, 4;
    %jmp T_21.9;
T_21.3 ;
    %pushi/vec4 4, 0, 4;
    %store/vec4 v0x569eb5d6dc80_0, 0, 4;
    %jmp T_21.9;
T_21.4 ;
    %load/vec4 v0x569eb5d6c810_0;
    %pad/u 32;
    %load/vec4 v0x569eb5d6c8f0_0;
    %pad/u 32;
    %subi 1, 0, 32;
    %cmp/e;
    %flag_mov 8, 4;
    %jmp/0 T_21.12, 8;
    %pushi/vec4 5, 0, 4;
    %jmp/1 T_21.13, 8;
T_21.12 ; End of true expr.
    %pushi/vec4 4, 0, 4;
    %jmp/0 T_21.13, 8;
 ; End of false expr.
    %blend;
T_21.13;
    %store/vec4 v0x569eb5d6dc80_0, 0, 4;
    %jmp T_21.9;
T_21.5 ;
    %load/vec4 v0x569eb5d6c4b0_0;
    %pad/u 32;
    %cmpi/e 0, 0, 32;
    %flag_mov 8, 4;
    %jmp/0 T_21.14, 8;
    %pushi/vec4 6, 0, 4;
    %jmp/1 T_21.15, 8;
T_21.14 ; End of true expr.
    %load/vec4 v0x569eb5d6c3d0_0;
    %pad/u 32;
    %load/vec4 v0x569eb5d6c4b0_0;
    %pad/u 32;
    %subi 1, 0, 32;
    %cmp/e;
    %flag_mov 9, 4;
    %jmp/0 T_21.16, 9;
    %pushi/vec4 6, 0, 4;
    %jmp/1 T_21.17, 9;
T_21.16 ; End of true expr.
    %pushi/vec4 5, 0, 4;
    %jmp/0 T_21.17, 9;
 ; End of false expr.
    %blend;
T_21.17;
    %jmp/0 T_21.15, 8;
 ; End of false expr.
    %blend;
T_21.15;
    %store/vec4 v0x569eb5d6dc80_0, 0, 4;
    %jmp T_21.9;
T_21.6 ;
    %load/vec4 v0x569eb5d6cb90_0;
    %pad/u 32;
    %load/vec4 v0x569eb5d6c9d0_0;
    %pad/u 32;
    %subi 1, 0, 32;
    %cmp/e;
    %jmp/0xz  T_21.18, 4;
    %load/vec4 v0x569eb5d6c730_0;
    %addi 1, 0, 8;
    %load/vec4 v0x569eb5d6ae20_0;
    %cmp/u;
    %jmp/0xz  T_21.20, 5;
    %pushi/vec4 1, 0, 4;
    %store/vec4 v0x569eb5d6dc80_0, 0, 4;
    %jmp T_21.21;
T_21.20 ;
    %load/vec4 v0x569eb5d6c590_0;
    %addi 1, 0, 8;
    %load/vec4 v0x569eb5d6ad40_0;
    %cmp/u;
    %jmp/0xz  T_21.22, 5;
    %pushi/vec4 1, 0, 4;
    %store/vec4 v0x569eb5d6dc80_0, 0, 4;
    %jmp T_21.23;
T_21.22 ;
    %pushi/vec4 7, 0, 4;
    %store/vec4 v0x569eb5d6dc80_0, 0, 4;
T_21.23 ;
T_21.21 ;
    %jmp T_21.19;
T_21.18 ;
    %pushi/vec4 6, 0, 4;
    %store/vec4 v0x569eb5d6dc80_0, 0, 4;
T_21.19 ;
    %jmp T_21.9;
T_21.7 ;
    %pushi/vec4 0, 0, 4;
    %store/vec4 v0x569eb5d6dc80_0, 0, 4;
    %jmp T_21.9;
T_21.9 ;
    %pop/vec4 1;
    %jmp T_21;
    .thread T_21, $push;
    .scope S_0x569eb5cff0d0;
T_22 ;
    %wait E_0x569eb5d435f0;
    %load/vec4 v0x569eb5d6cc70_0;
    %nor/r;
    %flag_set/vec4 8;
    %jmp/0xz  T_22.0, 8;
    %pushi/vec4 0, 0, 4;
    %assign/vec4 v0x569eb5d6dbc0_0, 0;
    %pushi/vec4 0, 0, 1;
    %assign/vec4 v0x569eb5d6af00_0, 0;
    %pushi/vec4 0, 0, 16;
    %assign/vec4 v0x569eb5d6a9c0_0, 0;
    %pushi/vec4 0, 0, 16;
    %assign/vec4 v0x569eb5d6ab80_0, 0;
    %pushi/vec4 0, 0, 16;
    %assign/vec4 v0x569eb5d6c190_0, 0;
    %pushi/vec4 0, 0, 1;
    %assign/vec4 v0x569eb5d6c270_0, 0;
    %pushi/vec4 0, 0, 128;
    %assign/vec4 v0x569eb5d6c0b0_0, 0;
    %pushi/vec4 0, 0, 8;
    %assign/vec4 v0x569eb5d6a300_0, 0;
    %pushi/vec4 0, 0, 8;
    %assign/vec4 v0x569eb5d6a4c0_0, 0;
    %pushi/vec4 0, 0, 8;
    %assign/vec4 v0x569eb5d6a140_0, 0;
    %pushi/vec4 0, 0, 8;
    %assign/vec4 v0x569eb5d6ad40_0, 0;
    %pushi/vec4 0, 0, 8;
    %assign/vec4 v0x569eb5d6ae20_0, 0;
    %pushi/vec4 0, 0, 8;
    %assign/vec4 v0x569eb5d6c590_0, 0;
    %pushi/vec4 0, 0, 8;
    %assign/vec4 v0x569eb5d6c730_0, 0;
    %pushi/vec4 0, 0, 8;
    %assign/vec4 v0x569eb5d6c9d0_0, 0;
    %pushi/vec4 0, 0, 8;
    %assign/vec4 v0x569eb5d6cab0_0, 0;
    %pushi/vec4 0, 0, 8;
    %assign/vec4 v0x569eb5d6c8f0_0, 0;
    %pushi/vec4 0, 0, 32;
    %assign/vec4 v0x569eb5d6aaa0_0, 0;
    %pushi/vec4 0, 0, 32;
    %assign/vec4 v0x569eb5d6ac60_0, 0;
    %pushi/vec4 0, 0, 8;
    %assign/vec4 v0x569eb5d6c810_0, 0;
    %pushi/vec4 0, 0, 3;
    %assign/vec4 v0x569eb5d6c3d0_0, 0;
    %pushi/vec4 0, 0, 3;
    %assign/vec4 v0x569eb5d6c4b0_0, 0;
    %pushi/vec4 0, 0, 2;
    %assign/vec4 v0x569eb5d6cb90_0, 0;
    %pushi/vec4 0, 0, 1;
    %assign/vec4 v0x569eb5d6c270_0, 0;
    %jmp T_22.1;
T_22.0 ;
    %load/vec4 v0x569eb5d6dc80_0;
    %assign/vec4 v0x569eb5d6dbc0_0, 0;
    %pushi/vec4 0, 0, 1;
    %assign/vec4 v0x569eb5d6c270_0, 0;
    %load/vec4 v0x569eb5d6dbc0_0;
    %dup/vec4;
    %pushi/vec4 0, 0, 4;
    %cmp/u;
    %jmp/1 T_22.2, 6;
    %dup/vec4;
    %pushi/vec4 1, 0, 4;
    %cmp/u;
    %jmp/1 T_22.3, 6;
    %dup/vec4;
    %pushi/vec4 2, 0, 4;
    %cmp/u;
    %jmp/1 T_22.4, 6;
    %dup/vec4;
    %pushi/vec4 3, 0, 4;
    %cmp/u;
    %jmp/1 T_22.5, 6;
    %dup/vec4;
    %pushi/vec4 4, 0, 4;
    %cmp/u;
    %jmp/1 T_22.6, 6;
    %dup/vec4;
    %pushi/vec4 5, 0, 4;
    %cmp/u;
    %jmp/1 T_22.7, 6;
    %dup/vec4;
    %pushi/vec4 6, 0, 4;
    %cmp/u;
    %jmp/1 T_22.8, 6;
    %dup/vec4;
    %pushi/vec4 7, 0, 4;
    %cmp/u;
    %jmp/1 T_22.9, 6;
    %jmp T_22.10;
T_22.2 ;
    %load/vec4 v0x569eb5d6c670_0;
    %flag_set/vec4 8;
    %jmp/0 T_22.11, 8;
    %pushi/vec4 1, 0, 1;
    %jmp/1 T_22.12, 8;
T_22.11 ; End of true expr.
    %pushi/vec4 0, 0, 1;
    %jmp/0 T_22.12, 8;
 ; End of false expr.
    %blend;
T_22.12;
    %assign/vec4 v0x569eb5d6af00_0, 0;
    %load/vec4 v0x569eb5d6c670_0;
    %flag_set/vec4 8;
    %jmp/0xz  T_22.13, 8;
    %load/vec4 v0x569eb5d6a220_0;
    %pad/u 32;
    %cmpi/e 0, 0, 32;
    %flag_mov 8, 4;
    %jmp/0 T_22.15, 8;
    %pushi/vec4 1, 0, 8;
    %jmp/1 T_22.16, 8;
T_22.15 ; End of true expr.
    %load/vec4 v0x569eb5d6a220_0;
    %jmp/0 T_22.16, 8;
 ; End of false expr.
    %blend;
T_22.16;
    %assign/vec4 v0x569eb5d6a300_0, 0;
    %load/vec4 v0x569eb5d6a3e0_0;
    %pad/u 32;
    %cmpi/e 0, 0, 32;
    %flag_mov 8, 4;
    %jmp/0 T_22.17, 8;
    %pushi/vec4 1, 0, 8;
    %jmp/1 T_22.18, 8;
T_22.17 ; End of true expr.
    %load/vec4 v0x569eb5d6a3e0_0;
    %jmp/0 T_22.18, 8;
 ; End of false expr.
    %blend;
T_22.18;
    %assign/vec4 v0x569eb5d6a4c0_0, 0;
    %load/vec4 v0x569eb5d6a060_0;
    %pad/u 32;
    %cmpi/e 0, 0, 32;
    %flag_mov 8, 4;
    %jmp/0 T_22.19, 8;
    %pushi/vec4 1, 0, 8;
    %jmp/1 T_22.20, 8;
T_22.19 ; End of true expr.
    %load/vec4 v0x569eb5d6a060_0;
    %jmp/0 T_22.20, 8;
 ; End of false expr.
    %blend;
T_22.20;
    %assign/vec4 v0x569eb5d6a140_0, 0;
    %load/vec4 v0x569eb5d6a060_0;
    %pad/u 32;
    %cmpi/e 0, 0, 32;
    %flag_mov 8, 4;
    %jmp/0 T_22.21, 8;
    %pushi/vec4 1, 0, 8;
    %jmp/1 T_22.22, 8;
T_22.21 ; End of true expr.
    %load/vec4 v0x569eb5d6a060_0;
    %jmp/0 T_22.22, 8;
 ; End of false expr.
    %blend;
T_22.22;
    %assign/vec4 v0x569eb5d6c8f0_0, 0;
    %load/vec4 v0x569eb5d6a220_0;
    %pad/u 32;
    %cmpi/e 0, 0, 32;
    %flag_mov 8, 4;
    %jmp/0 T_22.23, 8;
    %pushi/vec4 1, 0, 8;
    %jmp/1 T_22.24, 8;
T_22.23 ; End of true expr.
    %load/vec4 v0x569eb5d6a220_0;
    %jmp/0 T_22.24, 8;
 ; End of false expr.
    %blend;
T_22.24;
    %addi 3, 0, 8;
    %ix/load 4, 2, 0;
    %flag_set/imm 4, 0;
    %shiftr 4;
    %assign/vec4 v0x569eb5d6ad40_0, 0;
    %load/vec4 v0x569eb5d6a3e0_0;
    %pad/u 32;
    %cmpi/e 0, 0, 32;
    %flag_mov 8, 4;
    %jmp/0 T_22.25, 8;
    %pushi/vec4 1, 0, 8;
    %jmp/1 T_22.26, 8;
T_22.25 ; End of true expr.
    %load/vec4 v0x569eb5d6a3e0_0;
    %jmp/0 T_22.26, 8;
 ; End of false expr.
    %blend;
T_22.26;
    %addi 3, 0, 8;
    %ix/load 4, 2, 0;
    %flag_set/imm 4, 0;
    %shiftr 4;
    %assign/vec4 v0x569eb5d6ae20_0, 0;
    %pushi/vec4 0, 0, 8;
    %assign/vec4 v0x569eb5d6c590_0, 0;
    %pushi/vec4 0, 0, 8;
    %assign/vec4 v0x569eb5d6c730_0, 0;
T_22.13 ;
    %jmp T_22.10;
T_22.3 ;
    %fork t_1, S_0x569eb5d68980;
    %jmp t_0;
    .scope S_0x569eb5d68980;
t_1 ;
    %pushi/vec4 0, 0, 1;
    %load/vec4 v0x569eb5d6a300_0;
    %concat/vec4; draw_concat_vec4
    %store/vec4 v0x569eb5d68b60_0, 0, 9;
    %pushi/vec4 0, 0, 1;
    %load/vec4 v0x569eb5d6a4c0_0;
    %concat/vec4; draw_concat_vec4
    %store/vec4 v0x569eb5d68c60_0, 0, 9;
    %pushi/vec4 0, 0, 1;
    %load/vec4 v0x569eb5d6c590_0;
    %concat/vec4; draw_concat_vec4
    %ix/load 4, 2, 0;
    %flag_set/imm 4, 0;
    %shiftl 4;
    %store/vec4 v0x569eb5d69040_0, 0, 9;
    %pushi/vec4 0, 0, 1;
    %load/vec4 v0x569eb5d6c730_0;
    %concat/vec4; draw_concat_vec4
    %ix/load 4, 2, 0;
    %flag_set/imm 4, 0;
    %shiftl 4;
    %store/vec4 v0x569eb5d68f10_0, 0, 9;
    %load/vec4 v0x569eb5d69040_0;
    %load/vec4 v0x569eb5d68b60_0;
    %cmp/u;
    %flag_mov 8, 5;
    %jmp/0 T_22.27, 8;
    %load/vec4 v0x569eb5d68b60_0;
    %load/vec4 v0x569eb5d69040_0;
    %sub;
    %jmp/1 T_22.28, 8;
T_22.27 ; End of true expr.
    %pushi/vec4 0, 0, 9;
    %jmp/0 T_22.28, 8;
 ; End of false expr.
    %blend;
T_22.28;
    %store/vec4 v0x569eb5d68d40_0, 0, 9;
    %load/vec4 v0x569eb5d68f10_0;
    %load/vec4 v0x569eb5d68c60_0;
    %cmp/u;
    %flag_mov 8, 5;
    %jmp/0 T_22.29, 8;
    %load/vec4 v0x569eb5d68c60_0;
    %load/vec4 v0x569eb5d68f10_0;
    %sub;
    %jmp/1 T_22.30, 8;
T_22.29 ; End of true expr.
    %pushi/vec4 0, 0, 9;
    %jmp/0 T_22.30, 8;
 ; End of false expr.
    %blend;
T_22.30;
    %store/vec4 v0x569eb5d68e30_0, 0, 9;
    %load/vec4 v0x569eb5d68d40_0;
    %cmpi/u 4, 0, 9;
    %flag_or 5, 4; GT is !LE
    %flag_inv 5;
    %flag_mov 8, 5;
    %jmp/0 T_22.31, 8;
    %pushi/vec4 4, 0, 8;
    %jmp/1 T_22.32, 8;
T_22.31 ; End of true expr.
    %load/vec4 v0x569eb5d68d40_0;
    %parti/s 8, 0, 2;
    %jmp/0 T_22.32, 8;
 ; End of false expr.
    %blend;
T_22.32;
    %assign/vec4 v0x569eb5d6c9d0_0, 0;
    %load/vec4 v0x569eb5d68e30_0;
    %cmpi/u 4, 0, 9;
    %flag_or 5, 4; GT is !LE
    %flag_inv 5;
    %flag_mov 8, 5;
    %jmp/0 T_22.33, 8;
    %pushi/vec4 4, 0, 8;
    %jmp/1 T_22.34, 8;
T_22.33 ; End of true expr.
    %load/vec4 v0x569eb5d68e30_0;
    %parti/s 8, 0, 2;
    %jmp/0 T_22.34, 8;
 ; End of false expr.
    %blend;
T_22.34;
    %assign/vec4 v0x569eb5d6cab0_0, 0;
    %pushi/vec4 0, 0, 3;
    %assign/vec4 v0x569eb5d6c3d0_0, 0;
    %load/vec4 v0x569eb5d68d40_0;
    %cmpi/u 4, 0, 9;
    %flag_or 5, 4; GT is !LE
    %flag_inv 5;
    %flag_mov 8, 5;
    %jmp/0 T_22.35, 8;
    %pushi/vec4 4, 0, 8;
    %jmp/1 T_22.36, 8;
T_22.35 ; End of true expr.
    %load/vec4 v0x569eb5d68d40_0;
    %parti/s 8, 0, 2;
    %jmp/0 T_22.36, 8;
 ; End of false expr.
    %blend;
T_22.36;
    %subi 1, 0, 8;
    %load/vec4 v0x569eb5d68e30_0;
    %cmpi/u 4, 0, 9;
    %flag_or 5, 4; GT is !LE
    %flag_inv 5;
    %flag_mov 8, 5;
    %jmp/0 T_22.37, 8;
    %pushi/vec4 4, 0, 8;
    %jmp/1 T_22.38, 8;
T_22.37 ; End of true expr.
    %load/vec4 v0x569eb5d68e30_0;
    %parti/s 8, 0, 2;
    %jmp/0 T_22.38, 8;
 ; End of false expr.
    %blend;
T_22.38;
    %subi 1, 0, 8;
    %add;
    %pad/u 3;
    %assign/vec4 v0x569eb5d6c4b0_0, 0;
    %end;
    .scope S_0x569eb5cff0d0;
t_0 %join;
    %pushi/vec4 0, 0, 8;
    %assign/vec4 v0x569eb5d6c810_0, 0;
    %pushi/vec4 0, 0, 2;
    %assign/vec4 v0x569eb5d6cb90_0, 0;
    %fork t_3, S_0x569eb5d68020;
    %jmp t_2;
    .scope S_0x569eb5d68020;
t_3 ;
    %pushi/vec4 0, 0, 8;
    %load/vec4 v0x569eb5d6c590_0;
    %concat/vec4; draw_concat_vec4
    %pushi/vec4 0, 0, 8;
    %load/vec4 v0x569eb5d6a140_0;
    %concat/vec4; draw_concat_vec4
    %mul;
    %store/vec4 v0x569eb5d68220_0, 0, 16;
    %pushi/vec4 0, 0, 8;
    %load/vec4 v0x569eb5d6c730_0;
    %concat/vec4; draw_concat_vec4
    %pushi/vec4 0, 0, 8;
    %load/vec4 v0x569eb5d6a140_0;
    %concat/vec4; draw_concat_vec4
    %mul;
    %store/vec4 v0x569eb5d68300_0, 0, 16;
    %load/vec4 v0x569eb5d68220_0;
    %assign/vec4 v0x569eb5d6a9c0_0, 0;
    %load/vec4 v0x569eb5d68300_0;
    %assign/vec4 v0x569eb5d6ab80_0, 0;
    %end;
    .scope S_0x569eb5cff0d0;
t_2 %join;
    %jmp T_22.10;
T_22.4 ;
    %load/vec4 v0x569eb5d696f0_0;
    %assign/vec4 v0x569eb5d6aaa0_0, 0;
    %load/vec4 v0x569eb5d69a80_0;
    %assign/vec4 v0x569eb5d6ac60_0, 0;
    %load/vec4 v0x569eb5d6c8f0_0;
    %cmpi/u 1, 0, 8;
    %flag_or 5, 4; GT is !LE
    %flag_inv 5;
    %jmp/0xz  T_22.39, 5;
    %load/vec4 v0x569eb5d6a9c0_0;
    %addi 1, 0, 16;
    %assign/vec4 v0x569eb5d6a9c0_0, 0;
    %load/vec4 v0x569eb5d6ab80_0;
    %addi 1, 0, 16;
    %assign/vec4 v0x569eb5d6ab80_0, 0;
T_22.39 ;
    %jmp T_22.10;
T_22.5 ;
    %jmp T_22.10;
T_22.6 ;
    %load/vec4 v0x569eb5d6c810_0;
    %pad/u 32;
    %load/vec4 v0x569eb5d6c8f0_0;
    %pad/u 32;
    %subi 1, 0, 32;
    %cmp/u;
    %jmp/0xz  T_22.41, 5;
    %load/vec4 v0x569eb5d696f0_0;
    %assign/vec4 v0x569eb5d6aaa0_0, 0;
    %load/vec4 v0x569eb5d69a80_0;
    %assign/vec4 v0x569eb5d6ac60_0, 0;
T_22.41 ;
    %load/vec4 v0x569eb5d6c810_0;
    %pad/u 32;
    %addi 1, 0, 32;
    %load/vec4 v0x569eb5d6c8f0_0;
    %pad/u 32;
    %subi 1, 0, 32;
    %cmp/u;
    %jmp/0xz  T_22.43, 5;
    %load/vec4 v0x569eb5d6a9c0_0;
    %addi 1, 0, 16;
    %assign/vec4 v0x569eb5d6a9c0_0, 0;
    %load/vec4 v0x569eb5d6ab80_0;
    %addi 1, 0, 16;
    %assign/vec4 v0x569eb5d6ab80_0, 0;
T_22.43 ;
    %load/vec4 v0x569eb5d6c810_0;
    %pad/u 32;
    %load/vec4 v0x569eb5d6c8f0_0;
    %pad/u 32;
    %subi 1, 0, 32;
    %cmp/ne;
    %jmp/0xz  T_22.45, 4;
    %load/vec4 v0x569eb5d6c810_0;
    %addi 1, 0, 8;
    %assign/vec4 v0x569eb5d6c810_0, 0;
T_22.45 ;
    %jmp T_22.10;
T_22.7 ;
    %load/vec4 v0x569eb5d6c4b0_0;
    %pad/u 32;
    %pushi/vec4 0, 0, 32;
    %cmp/ne;
    %flag_get/vec4 4;
    %load/vec4 v0x569eb5d6c3d0_0;
    %pad/u 32;
    %load/vec4 v0x569eb5d6c4b0_0;
    %pad/u 32;
    %subi 1, 0, 32;
    %cmp/ne;
    %flag_get/vec4 4;
    %and;
    %flag_set/vec4 8;
    %jmp/0xz  T_22.47, 8;
    %load/vec4 v0x569eb5d6c3d0_0;
    %addi 1, 0, 3;
    %assign/vec4 v0x569eb5d6c3d0_0, 0;
T_22.47 ;
    %jmp T_22.10;
T_22.8 ;
    %pushi/vec4 1, 0, 1;
    %assign/vec4 v0x569eb5d6c270_0, 0;
    %fork t_5, S_0x569eb5d683e0;
    %jmp t_4;
    .scope S_0x569eb5d683e0;
t_5 ;
    %load/vec4 v0x569eb5d6cb90_0;
    %store/vec4 v0x569eb5d687b0_0, 0, 2;
    %pushi/vec4 0, 0, 8;
    %load/vec4 v0x569eb5d6c590_0;
    %concat/vec4; draw_concat_vec4
    %ix/load 4, 2, 0;
    %flag_set/imm 4, 0;
    %shiftl 4;
    %store/vec4 v0x569eb5d686d0_0, 0, 16;
    %load/vec4 v0x569eb5d686d0_0;
    %pushi/vec4 0, 0, 14;
    %load/vec4 v0x569eb5d687b0_0;
    %concat/vec4; draw_concat_vec4
    %add;
    %store/vec4 v0x569eb5d688a0_0, 0, 16;
    %pushi/vec4 0, 0, 8;
    %load/vec4 v0x569eb5d6c730_0;
    %concat/vec4; draw_concat_vec4
    %pushi/vec4 0, 0, 8;
    %load/vec4 v0x569eb5d6a300_0;
    %concat/vec4; draw_concat_vec4
    %mul;
    %store/vec4 v0x569eb5d685f0_0, 0, 16;
    %load/vec4 v0x569eb5d685f0_0;
    %load/vec4 v0x569eb5d688a0_0;
    %add;
    %assign/vec4 v0x569eb5d6c190_0, 0;
    %end;
    .scope S_0x569eb5cff0d0;
t_4 %join;
    %load/vec4 v0x569eb5d6bfd0_0;
    %assign/vec4 v0x569eb5d6c0b0_0, 0;
    %pushi/vec4 1, 0, 1;
    %assign/vec4 v0x569eb5d6c270_0, 0;
    %load/vec4 v0x569eb5d6cb90_0;
    %pad/u 32;
    %load/vec4 v0x569eb5d6c9d0_0;
    %pad/u 32;
    %subi 1, 0, 32;
    %cmp/ne;
    %jmp/0xz  T_22.49, 4;
    %load/vec4 v0x569eb5d6cb90_0;
    %addi 1, 0, 2;
    %assign/vec4 v0x569eb5d6cb90_0, 0;
    %jmp T_22.50;
T_22.49 ;
    %load/vec4 v0x569eb5d6c730_0;
    %addi 1, 0, 8;
    %load/vec4 v0x569eb5d6ae20_0;
    %cmp/u;
    %jmp/0xz  T_22.51, 5;
    %load/vec4 v0x569eb5d6c730_0;
    %addi 1, 0, 8;
    %assign/vec4 v0x569eb5d6c730_0, 0;
    %jmp T_22.52;
T_22.51 ;
    %load/vec4 v0x569eb5d6c590_0;
    %addi 1, 0, 8;
    %load/vec4 v0x569eb5d6ad40_0;
    %cmp/u;
    %jmp/0xz  T_22.53, 5;
    %load/vec4 v0x569eb5d6c590_0;
    %addi 1, 0, 8;
    %assign/vec4 v0x569eb5d6c590_0, 0;
    %pushi/vec4 0, 0, 8;
    %assign/vec4 v0x569eb5d6c730_0, 0;
T_22.53 ;
T_22.52 ;
    %pushi/vec4 0, 0, 2;
    %assign/vec4 v0x569eb5d6cb90_0, 0;
T_22.50 ;
    %jmp T_22.10;
T_22.9 ;
    %pushi/vec4 0, 0, 1;
    %assign/vec4 v0x569eb5d6af00_0, 0;
    %jmp T_22.10;
T_22.10 ;
    %pop/vec4 1;
T_22.1 ;
    %jmp T_22;
    .thread T_22;
    .scope S_0x569eb5d6e060;
T_23 ;
    %wait E_0x569eb5d43430;
    %load/vec4 v0x569eb5d6ebe0_0;
    %nor/r;
    %flag_set/vec4 8;
    %jmp/0xz  T_23.0, 8;
    %pushi/vec4 0, 0, 8;
    %assign/vec4 v0x569eb5d6e5b0_0, 0;
    %pushi/vec4 0, 0, 8;
    %assign/vec4 v0x569eb5d6e8a0_0, 0;
    %pushi/vec4 0, 0, 32;
    %assign/vec4 v0x569eb5d6e690_0, 0;
    %jmp T_23.1;
T_23.0 ;
    %load/vec4 v0x569eb5d6e4c0_0;
    %assign/vec4 v0x569eb5d6e5b0_0, 0;
    %load/vec4 v0x569eb5d6e7c0_0;
    %assign/vec4 v0x569eb5d6e8a0_0, 0;
    %load/vec4 v0x569eb5d6ea40_0;
    %flag_set/vec4 8;
    %jmp/0xz  T_23.2, 8;
    %pushi/vec4 0, 0, 32;
    %assign/vec4 v0x569eb5d6e690_0, 0;
    %jmp T_23.3;
T_23.2 ;
    %load/vec4 v0x569eb5d6eca0_0;
    %flag_set/vec4 8;
    %jmp/0xz  T_23.4, 8;
    %load/vec4 v0x569eb5d6e690_0;
    %load/vec4 v0x569eb5d6eb00_0;
    %pad/s 32;
    %add;
    %assign/vec4 v0x569eb5d6e690_0, 0;
T_23.4 ;
T_23.3 ;
T_23.1 ;
    %jmp T_23;
    .thread T_23;
    .scope S_0x569eb5d6ee80;
T_24 ;
    %wait E_0x569eb5d43430;
    %load/vec4 v0x569eb5d6fa40_0;
    %nor/r;
    %flag_set/vec4 8;
    %jmp/0xz  T_24.0, 8;
    %pushi/vec4 0, 0, 8;
    %assign/vec4 v0x569eb5d6f3f0_0, 0;
    %pushi/vec4 0, 0, 8;
    %assign/vec4 v0x569eb5d6f6c0_0, 0;
    %pushi/vec4 0, 0, 32;
    %assign/vec4 v0x569eb5d6f4b0_0, 0;
    %jmp T_24.1;
T_24.0 ;
    %load/vec4 v0x569eb5d6f320_0;
    %assign/vec4 v0x569eb5d6f3f0_0, 0;
    %load/vec4 v0x569eb5d6f5e0_0;
    %assign/vec4 v0x569eb5d6f6c0_0, 0;
    %load/vec4 v0x569eb5d6f840_0;
    %flag_set/vec4 8;
    %jmp/0xz  T_24.2, 8;
    %pushi/vec4 0, 0, 32;
    %assign/vec4 v0x569eb5d6f4b0_0, 0;
    %jmp T_24.3;
T_24.2 ;
    %load/vec4 v0x569eb5d6fb10_0;
    %flag_set/vec4 8;
    %jmp/0xz  T_24.4, 8;
    %load/vec4 v0x569eb5d6f4b0_0;
    %load/vec4 v0x569eb5d6f9a0_0;
    %pad/s 32;
    %add;
    %assign/vec4 v0x569eb5d6f4b0_0, 0;
T_24.4 ;
T_24.3 ;
T_24.1 ;
    %jmp T_24;
    .thread T_24;
    .scope S_0x569eb5d6fcc0;
T_25 ;
    %wait E_0x569eb5d43430;
    %load/vec4 v0x569eb5d708f0_0;
    %nor/r;
    %flag_set/vec4 8;
    %jmp/0xz  T_25.0, 8;
    %pushi/vec4 0, 0, 8;
    %assign/vec4 v0x569eb5d70260_0, 0;
    %pushi/vec4 0, 0, 8;
    %assign/vec4 v0x569eb5d70530_0, 0;
    %pushi/vec4 0, 0, 32;
    %assign/vec4 v0x569eb5d70340_0, 0;
    %jmp T_25.1;
T_25.0 ;
    %load/vec4 v0x569eb5d70170_0;
    %assign/vec4 v0x569eb5d70260_0, 0;
    %load/vec4 v0x569eb5d70470_0;
    %assign/vec4 v0x569eb5d70530_0, 0;
    %load/vec4 v0x569eb5d706e0_0;
    %flag_set/vec4 8;
    %jmp/0xz  T_25.2, 8;
    %pushi/vec4 0, 0, 32;
    %assign/vec4 v0x569eb5d70340_0, 0;
    %jmp T_25.3;
T_25.2 ;
    %load/vec4 v0x569eb5d709e0_0;
    %flag_set/vec4 8;
    %jmp/0xz  T_25.4, 8;
    %load/vec4 v0x569eb5d70340_0;
    %load/vec4 v0x569eb5d70810_0;
    %pad/s 32;
    %add;
    %assign/vec4 v0x569eb5d70340_0, 0;
T_25.4 ;
T_25.3 ;
T_25.1 ;
    %jmp T_25;
    .thread T_25;
    .scope S_0x569eb5d70c40;
T_26 ;
    %wait E_0x569eb5d43430;
    %load/vec4 v0x569eb5d717a0_0;
    %nor/r;
    %flag_set/vec4 8;
    %jmp/0xz  T_26.0, 8;
    %pushi/vec4 0, 0, 8;
    %assign/vec4 v0x569eb5d71180_0, 0;
    %pushi/vec4 0, 0, 8;
    %assign/vec4 v0x569eb5d71430_0, 0;
    %pushi/vec4 0, 0, 32;
    %assign/vec4 v0x569eb5d71240_0, 0;
    %jmp T_26.1;
T_26.0 ;
    %load/vec4 v0x569eb5d710e0_0;
    %assign/vec4 v0x569eb5d71180_0, 0;
    %load/vec4 v0x569eb5d71370_0;
    %assign/vec4 v0x569eb5d71430_0, 0;
    %load/vec4 v0x569eb5d71590_0;
    %flag_set/vec4 8;
    %jmp/0xz  T_26.2, 8;
    %pushi/vec4 0, 0, 32;
    %assign/vec4 v0x569eb5d71240_0, 0;
    %jmp T_26.3;
T_26.2 ;
    %load/vec4 v0x569eb5d71840_0;
    %flag_set/vec4 8;
    %jmp/0xz  T_26.4, 8;
    %load/vec4 v0x569eb5d71240_0;
    %load/vec4 v0x569eb5d716c0_0;
    %pad/s 32;
    %add;
    %assign/vec4 v0x569eb5d71240_0, 0;
T_26.4 ;
T_26.3 ;
T_26.1 ;
    %jmp T_26;
    .thread T_26;
    .scope S_0x569eb5cff420;
T_27 ;
    %wait E_0x569eb5d43430;
    %load/vec4 v0x569eb5d729c0_0;
    %nor/r;
    %flag_set/vec4 8;
    %jmp/0xz  T_27.0, 8;
    %pushi/vec4 0, 0, 8;
    %assign/vec4 v0x569eb5d71d50_0, 0;
    %pushi/vec4 0, 0, 8;
    %assign/vec4 v0x569eb5d72500_0, 0;
    %jmp T_27.1;
T_27.0 ;
    %load/vec4 v0x569eb5d72af0_0;
    %flag_set/vec4 8;
    %jmp/0xz  T_27.2, 8;
    %pushi/vec4 0, 0, 8;
    %assign/vec4 v0x569eb5d71d50_0, 0;
    %pushi/vec4 0, 0, 8;
    %assign/vec4 v0x569eb5d72500_0, 0;
    %jmp T_27.3;
T_27.2 ;
    %load/vec4 v0x569eb5d72c20_0;
    %flag_set/vec4 8;
    %jmp/0xz  T_27.4, 8;
    %load/vec4 v0x569eb5d71c90_0;
    %assign/vec4 v0x569eb5d71d50_0, 0;
    %load/vec4 v0x569eb5d72440_0;
    %assign/vec4 v0x569eb5d72500_0, 0;
T_27.4 ;
T_27.3 ;
T_27.1 ;
    %jmp T_27;
    .thread T_27;
# The file index is used to find the file name in the following table.
:file_names 6;
    "N/A";
    "<interactive>";
    "-";
    "RTL/TPU.v";
    "RTL/systolic_array.v";
    "RTL/PE.v";
